<?xml version="1.0" encoding="UTF-8"?>
<coverage generated="1755572519939" clover="3.2.0">
  <project timestamp="1755572519939" name="All files">
    <metrics statements="336" coveredstatements="232" conditionals="222" coveredconditionals="146" methods="46" coveredmethods="23" elements="604" coveredelements="401" complexity="0" loc="336" ncloc="336" packages="3" files="14" classes="14"/>
    <package name="components">
      <metrics statements="51" coveredstatements="0" conditionals="43" coveredconditionals="0" methods="12" coveredmethods="0"/>
      <file name="CharacterTypeOptions.tsx" path="/home/cssong/workspace/password-generator/src/components/CharacterTypeOptions.tsx">
        <metrics statements="11" coveredstatements="0" conditionals="10" coveredconditionals="0" methods="4" coveredmethods="0"/>
        <line num="18" count="0" type="stmt"/>
        <line num="41" count="0" type="stmt"/>
        <line num="54" count="0" type="stmt"/>
        <line num="59" count="0" type="stmt"/>
        <line num="60" count="0" type="stmt"/>
        <line num="66" count="0" type="stmt"/>
        <line num="67" count="0" type="stmt"/>
        <line num="69" count="0" type="stmt"/>
        <line num="73" count="0" type="stmt"/>
        <line num="103" count="0" type="stmt"/>
        <line num="118" count="0" type="stmt"/>
      </file>
      <file name="GenerateButton.tsx" path="/home/cssong/workspace/password-generator/src/components/GenerateButton.tsx">
        <metrics statements="10" coveredstatements="0" conditionals="17" coveredconditionals="0" methods="2" coveredmethods="0"/>
        <line num="20" count="0" type="stmt"/>
        <line num="27" count="0" type="stmt"/>
        <line num="28" count="0" type="cond" truecount="0" falsecount="4"/>
        <line num="31" count="0" type="cond" truecount="0" falsecount="2"/>
        <line num="32" count="0" type="stmt"/>
        <line num="34" count="0" type="stmt"/>
        <line num="37" count="0" type="stmt"/>
        <line num="40" count="0" type="cond" truecount="0" falsecount="2"/>
        <line num="42" count="0" type="stmt"/>
        <line num="62" count="0" type="stmt"/>
      </file>
      <file name="LengthSlider.tsx" path="/home/cssong/workspace/password-generator/src/components/LengthSlider.tsx">
        <metrics statements="3" coveredstatements="0" conditionals="2" coveredconditionals="0" methods="1" coveredmethods="0"/>
        <line num="14" count="0" type="stmt"/>
        <line num="21" count="0" type="stmt"/>
        <line num="49" count="0" type="stmt"/>
      </file>
      <file name="PasswordDisplay.tsx" path="/home/cssong/workspace/password-generator/src/components/PasswordDisplay.tsx">
        <metrics statements="13" coveredstatements="0" conditionals="6" coveredconditionals="0" methods="2" coveredmethods="0"/>
        <line num="20" count="0" type="stmt"/>
        <line num="25" count="0" type="stmt"/>
        <line num="26" count="0" type="stmt"/>
        <line num="27" count="0" type="stmt"/>
        <line num="30" count="0" type="cond" truecount="0" falsecount="2"/>
        <line num="31" count="0" type="stmt"/>
        <line num="35" count="0" type="stmt"/>
        <line num="39" count="0" type="stmt"/>
        <line num="42" count="0" type="stmt"/>
        <line num="44" count="0" type="stmt"/>
        <line num="45" count="0" type="stmt"/>
        <line num="49" count="0" type="stmt"/>
        <line num="68" count="0" type="stmt"/>
      </file>
      <file name="PasswordStrengthBar.tsx" path="/home/cssong/workspace/password-generator/src/components/PasswordStrengthBar.tsx">
        <metrics statements="14" coveredstatements="0" conditionals="8" coveredconditionals="0" methods="3" coveredmethods="0"/>
        <line num="11" count="0" type="stmt"/>
        <line num="12" count="0" type="cond" truecount="0" falsecount="6"/>
        <line num="14" count="0" type="stmt"/>
        <line num="16" count="0" type="stmt"/>
        <line num="18" count="0" type="stmt"/>
        <line num="20" count="0" type="stmt"/>
        <line num="22" count="0" type="stmt"/>
        <line num="24" count="0" type="stmt"/>
        <line num="28" count="0" type="stmt"/>
        <line num="32" count="0" type="stmt"/>
        <line num="33" count="0" type="stmt"/>
        <line num="35" count="0" type="stmt"/>
        <line num="59" count="0" type="stmt"/>
        <line num="69" count="0" type="stmt"/>
      </file>
    </package>
    <package name="screens">
      <metrics statements="29" coveredstatements="0" conditionals="14" coveredconditionals="0" methods="9" coveredmethods="0"/>
      <file name="GeneratorScreen.tsx" path="/home/cssong/workspace/password-generator/src/screens/GeneratorScreen.tsx">
        <metrics statements="25" coveredstatements="0" conditionals="14" coveredconditionals="0" methods="7" coveredmethods="0"/>
        <line num="17" count="0" type="stmt"/>
        <line num="19" count="0" type="stmt"/>
        <line num="20" count="0" type="stmt"/>
        <line num="22" count="0" type="stmt"/>
        <line num="23" count="0" type="stmt"/>
        <line num="24" count="0" type="stmt"/>
        <line num="27" count="0" type="cond" truecount="0" falsecount="2"/>
        <line num="33" count="0" type="stmt"/>
        <line num="38" count="0" type="stmt"/>
        <line num="41" count="0" type="stmt"/>
        <line num="42" count="0" type="stmt"/>
        <line num="44" count="0" type="stmt"/>
        <line num="45" count="0" type="stmt"/>
        <line num="49" count="0" type="stmt"/>
        <line num="53" count="0" type="stmt"/>
        <line num="54" count="0" type="stmt"/>
        <line num="57" count="0" type="stmt"/>
        <line num="58" count="0" type="stmt"/>
        <line num="61" count="0" type="stmt"/>
        <line num="63" count="0" type="stmt"/>
        <line num="67" count="0" type="stmt"/>
        <line num="69" count="0" type="cond" truecount="0" falsecount="2"/>
        <line num="70" count="0" type="stmt"/>
        <line num="75" count="0" type="stmt"/>
        <line num="120" count="0" type="stmt"/>
      </file>
      <file name="HistoryScreen.tsx" path="/home/cssong/workspace/password-generator/src/screens/HistoryScreen.tsx">
        <metrics statements="2" coveredstatements="0" conditionals="0" coveredconditionals="0" methods="1" coveredmethods="0"/>
        <line num="5" count="0" type="stmt"/>
        <line num="13" count="0" type="stmt"/>
      </file>
      <file name="SettingsScreen.tsx" path="/home/cssong/workspace/password-generator/src/screens/SettingsScreen.tsx">
        <metrics statements="2" coveredstatements="0" conditionals="0" coveredconditionals="0" methods="1" coveredmethods="0"/>
        <line num="5" count="0" type="stmt"/>
        <line num="13" count="0" type="stmt"/>
      </file>
    </package>
    <package name="utils">
      <metrics statements="256" coveredstatements="232" conditionals="165" coveredconditionals="146" methods="25" coveredmethods="23"/>
      <file name="colors.ts" path="/home/cssong/workspace/password-generator/src/utils/colors.ts">
        <metrics statements="10" coveredstatements="0" conditionals="6" coveredconditionals="0" methods="1" coveredmethods="0"/>
        <line num="5" count="0" type="stmt"/>
        <line num="68" count="0" type="stmt"/>
        <line num="84" count="0" type="stmt"/>
        <line num="85" count="0" type="cond" truecount="0" falsecount="6"/>
        <line num="87" count="0" type="stmt"/>
        <line num="89" count="0" type="stmt"/>
        <line num="91" count="0" type="stmt"/>
        <line num="93" count="0" type="stmt"/>
        <line num="95" count="0" type="stmt"/>
        <line num="97" count="0" type="stmt"/>
      </file>
      <file name="passwordGenerator.ts" path="/home/cssong/workspace/password-generator/src/utils/passwordGenerator.ts">
        <metrics statements="85" coveredstatements="79" conditionals="60" coveredconditionals="53" methods="4" coveredmethods="4"/>
        <line num="6" count="7" type="stmt"/>
        <line num="7" count="7" type="stmt"/>
        <line num="8" count="7" type="stmt"/>
        <line num="9" count="7" type="stmt"/>
        <line num="12" count="7" type="stmt"/>
        <line num="24" count="7" type="stmt"/>
        <line num="25" count="3944" type="stmt"/>
        <line num="27" count="3944" type="cond" truecount="2" falsecount="0"/>
        <line num="28" count="3933" type="stmt"/>
        <line num="29" count="3933" type="cond" truecount="2" falsecount="0"/>
        <line num="30" count="133" type="stmt"/>
        <line num="35" count="3933" type="stmt"/>
        <line num="38" count="3944" type="cond" truecount="2" falsecount="0"/>
        <line num="39" count="3938" type="stmt"/>
        <line num="40" count="3938" type="cond" truecount="2" falsecount="0"/>
        <line num="41" count="133" type="stmt"/>
        <line num="46" count="3938" type="stmt"/>
        <line num="49" count="3944" type="cond" truecount="2" falsecount="0"/>
        <line num="50" count="3933" type="stmt"/>
        <line num="51" count="3933" type="cond" truecount="2" falsecount="0"/>
        <line num="52" count="133" type="stmt"/>
        <line num="57" count="3933" type="stmt"/>
        <line num="60" count="3944" type="cond" truecount="2" falsecount="0"/>
        <line num="61" count="3728" type="stmt"/>
        <line num="62" count="3728" type="cond" truecount="2" falsecount="0"/>
        <line num="63" count="131" type="stmt"/>
        <line num="68" count="3728" type="stmt"/>
        <line num="71" count="3944" type="stmt"/>
        <line num="80" count="7" type="stmt"/>
        <line num="84" count="3944" type="stmt"/>
        <line num="85" count="3944" type="stmt"/>
        <line num="88" count="3944" type="stmt"/>
        <line num="91" count="3944" type="cond" truecount="2" falsecount="0"/>
        <line num="95" count="11" type="cond" truecount="1" falsecount="1"/>
        <line num="99" count="11" type="stmt"/>
        <line num="100" count="11" type="stmt"/>
        <line num="104" count="3944" type="cond" truecount="2" falsecount="0"/>
        <line num="108" count="12" type="cond" truecount="1" falsecount="1"/>
        <line num="112" count="12" type="stmt"/>
        <line num="113" count="12" type="stmt"/>
        <line num="117" count="3944" type="cond" truecount="4" falsecount="0"/>
        <line num="118" count="472" type="cond" truecount="2" falsecount="0"/>
        <line num="122" count="472" type="stmt"/>
        <line num="123" count="472" type="stmt"/>
        <line num="127" count="3944" type="cond" truecount="4" falsecount="0"/>
        <line num="128" count="3724" type="cond" truecount="2" falsecount="0"/>
        <line num="132" count="3724" type="stmt"/>
        <line num="133" count="3724" type="stmt"/>
        <line num="136" count="3944" type="stmt"/>
        <line num="144" count="7" type="stmt"/>
        <line num="145" count="1" type="stmt"/>
        <line num="146" count="19" type="cond" truecount="1" falsecount="1"/>
        <line num="147" count="0" type="stmt"/>
        <line num="150" count="1" type="stmt"/>
        <line num="158" count="7" type="stmt"/>
        <line num="161" count="3965" type="stmt"/>
        <line num="164" count="3965" type="cond" truecount="4" falsecount="0"/>
        <line num="165" count="12" type="stmt"/>
        <line num="168" count="3951" type="cond" truecount="2" falsecount="0"/>
        <line num="174" count="7" type="stmt"/>
        <line num="177" count="3944" type="stmt"/>
        <line num="179" count="3944" type="cond" truecount="1" falsecount="1"/>
        <line num="180" count="0" type="stmt"/>
        <line num="183" count="3944" type="stmt"/>
        <line num="184" count="3944" type="stmt"/>
        <line num="185" count="3944" type="stmt"/>
        <line num="187" count="3944" type="stmt"/>
        <line num="188" count="3944" type="cond" truecount="1" falsecount="1"/>
        <line num="190" count="0" type="cond" truecount="0" falsecount="2"/>
        <line num="191" count="0" type="stmt"/>
        <line num="192" count="0" type="stmt"/>
        <line num="194" count="0" type="stmt"/>
        <line num="198" count="3944" type="stmt"/>
        <line num="199" count="3944" type="stmt"/>
        <line num="200" count="74016" type="stmt"/>
        <line num="201" count="74016" type="stmt"/>
        <line num="204" count="3944" type="stmt"/>
        <line num="207" count="3944" type="stmt"/>
        <line num="209" count="3944" type="stmt"/>
        <line num="213" count="3944" type="stmt"/>
        <line num="214" count="3944" type="stmt"/>
        <line num="215" count="3944" type="stmt"/>
        <line num="216" count="3944" type="stmt"/>
        <line num="218" count="3944" type="stmt"/>
        <line num="233" count="7" type="stmt"/>
      </file>
      <file name="performance.ts" path="/home/cssong/workspace/password-generator/src/utils/performance.ts">
        <metrics statements="27" coveredstatements="25" conditionals="23" coveredconditionals="19" methods="5" coveredmethods="4"/>
        <line num="18" count="2" type="stmt"/>
        <line num="21" count="143" type="stmt"/>
        <line num="22" count="143" type="stmt"/>
        <line num="23" count="143" type="stmt"/>
        <line num="25" count="143" type="stmt"/>
        <line num="40" count="2" type="stmt"/>
        <line num="51" count="6" type="stmt"/>
        <line num="53" count="6" type="stmt"/>
        <line num="54" count="140" type="stmt"/>
        <line num="55" count="140" type="cond" truecount="2" falsecount="0"/>
        <line num="58" count="140" type="stmt"/>
        <line num="59" count="6" type="stmt"/>
        <line num="60" count="6" type="stmt"/>
        <line num="61" count="6" type="stmt"/>
        <line num="62" count="6" type="stmt"/>
        <line num="64" count="6" type="stmt"/>
        <line num="78" count="2" type="stmt"/>
        <line num="79" count="0" type="cond" truecount="0" falsecount="2"/>
        <line num="80" count="0" type="stmt"/>
        <line num="96" count="2" type="stmt"/>
        <line num="104" count="7" type="stmt"/>
        <line num="117" count="7" type="stmt"/>
        <line num="118" count="7" type="cond" truecount="2" falsecount="0"/>
        <line num="119" count="7" type="cond" truecount="2" falsecount="0"/>
        <line num="120" count="7" type="cond" truecount="2" falsecount="0"/>
        <line num="121" count="7" type="cond" truecount="2" falsecount="0"/>
        <line num="123" count="7" type="stmt"/>
      </file>
      <file name="secureRandom.ts" path="/home/cssong/workspace/password-generator/src/utils/secureRandom.ts">
        <metrics statements="33" coveredstatements="29" conditionals="6" coveredconditionals="6" methods="4" coveredmethods="4"/>
        <line num="8" count="8" type="stmt"/>
        <line num="11" count="181004" type="stmt"/>
        <line num="12" count="181004" type="stmt"/>
        <line num="13" count="181004" type="stmt"/>
        <line num="16" count="181004" type="stmt"/>
        <line num="17" count="181004" type="cond" truecount="4" falsecount="0"/>
        <line num="19" count="179940" type="stmt"/>
        <line num="20" count="179940" type="stmt"/>
        <line num="21" count="179937" type="stmt"/>
        <line num="23" count="179940" type="stmt"/>
        <line num="26" count="1064" type="stmt"/>
        <line num="29" count="0" type="stmt"/>
        <line num="30" count="0" type="stmt"/>
        <line num="31" count="0" type="stmt"/>
        <line num="33" count="0" type="stmt"/>
        <line num="43" count="8" type="stmt"/>
        <line num="47" count="148479" type="cond" truecount="2" falsecount="0"/>
        <line num="48" count="1" type="stmt"/>
        <line num="51" count="148478" type="stmt"/>
        <line num="52" count="148478" type="stmt"/>
        <line num="53" count="148478" type="stmt"/>
        <line num="56" count="148478" type="stmt"/>
        <line num="57" count="180999" type="stmt"/>
        <line num="58" count="180999" type="stmt"/>
        <line num="59" count="180999" type="stmt"/>
        <line num="60" count="180997" type="stmt"/>
        <line num="64" count="148478" type="stmt"/>
        <line num="72" count="8" type="stmt"/>
        <line num="73" count="3950" type="stmt"/>
        <line num="75" count="3950" type="stmt"/>
        <line num="76" count="70091" type="stmt"/>
        <line num="77" count="70091" type="stmt"/>
        <line num="80" count="3950" type="stmt"/>
      </file>
      <file name="strengthCalculator.ts" path="/home/cssong/workspace/password-generator/src/utils/strengthCalculator.ts">
        <metrics statements="101" coveredstatements="99" conditionals="70" coveredconditionals="68" methods="11" coveredmethods="11"/>
        <line num="4" count="8" type="stmt"/>
        <line num="15" count="8" type="stmt"/>
        <line num="41" count="8" type="stmt"/>
        <line num="42" count="3990" type="stmt"/>
        <line num="44" count="3990" type="cond" truecount="2" falsecount="0"/>
        <line num="45" count="3990" type="cond" truecount="2" falsecount="0"/>
        <line num="46" count="3990" type="cond" truecount="2" falsecount="0"/>
        <line num="47" count="3990" type="cond" truecount="2" falsecount="0"/>
        <line num="49" count="3990" type="stmt"/>
        <line num="57" count="8" type="stmt"/>
        <line num="58" count="3990" type="stmt"/>
        <line num="59" count="3990" type="stmt"/>
        <line num="60" count="3990" type="stmt"/>
        <line num="68" count="8" type="stmt"/>
        <line num="69" count="27815" type="stmt"/>
        <line num="77" count="8" type="stmt"/>
        <line num="78" count="3990" type="stmt"/>
        <line num="86" count="8" type="stmt"/>
        <line num="87" count="3990" type="stmt"/>
        <line num="96" count="3990" type="stmt"/>
        <line num="97" count="3990" type="stmt"/>
        <line num="98" count="23826" type="stmt"/>
        <line num="99" count="237979" type="cond" truecount="2" falsecount="0"/>
        <line num="100" count="38" type="stmt"/>
        <line num="103" count="23788" type="stmt"/>
        <line num="112" count="8" type="stmt"/>
        <line num="114" count="3990" type="stmt"/>
        <line num="115" count="66341" type="cond" truecount="4" falsecount="0"/>
        <line num="116" count="20" type="stmt"/>
        <line num="121" count="3970" type="stmt"/>
        <line num="122" count="32938" type="stmt"/>
        <line num="123" count="313193" type="stmt"/>
        <line num="124" count="313193" type="stmt"/>
        <line num="125" count="313193" type="cond" truecount="2" falsecount="0"/>
        <line num="126" count="15" type="stmt"/>
        <line num="131" count="3955" type="stmt"/>
        <line num="139" count="8" type="stmt"/>
        <line num="143" count="3998" type="cond" truecount="4" falsecount="0"/>
        <line num="144" count="8" type="stmt"/>
        <line num="152" count="3990" type="stmt"/>
        <line num="153" count="3990" type="stmt"/>
        <line num="156" count="3990" type="cond" truecount="2" falsecount="0"/>
        <line num="157" count="3900" type="stmt"/>
        <line num="158" count="90" type="cond" truecount="2" falsecount="0"/>
        <line num="159" count="78" type="stmt"/>
        <line num="161" count="12" type="stmt"/>
        <line num="165" count="3990" type="stmt"/>
        <line num="166" count="3990" type="cond" truecount="2" falsecount="0"/>
        <line num="167" count="3990" type="cond" truecount="2" falsecount="0"/>
        <line num="168" count="3990" type="cond" truecount="2" falsecount="0"/>
        <line num="169" count="3990" type="cond" truecount="2" falsecount="0"/>
        <line num="171" count="3990" type="stmt"/>
        <line num="173" count="3990" type="cond" truecount="2" falsecount="0"/>
        <line num="174" count="45" type="stmt"/>
        <line num="178" count="3990" type="stmt"/>
        <line num="179" count="3990" type="cond" truecount="2" falsecount="0"/>
        <line num="180" count="3912" type="stmt"/>
        <line num="181" count="78" type="cond" truecount="2" falsecount="0"/>
        <line num="182" count="10" type="stmt"/>
        <line num="183" count="10" type="stmt"/>
        <line num="187" count="3990" type="cond" truecount="2" falsecount="0"/>
        <line num="188" count="7" type="stmt"/>
        <line num="189" count="7" type="stmt"/>
        <line num="192" count="3990" type="cond" truecount="2" falsecount="0"/>
        <line num="193" count="47" type="stmt"/>
        <line num="194" count="47" type="stmt"/>
        <line num="197" count="3990" type="cond" truecount="2" falsecount="0"/>
        <line num="198" count="38" type="stmt"/>
        <line num="199" count="38" type="stmt"/>
        <line num="202" count="3990" type="cond" truecount="2" falsecount="0"/>
        <line num="203" count="35" type="stmt"/>
        <line num="204" count="35" type="stmt"/>
        <line num="208" count="3990" type="stmt"/>
        <line num="212" count="3990" type="cond" truecount="2" falsecount="0"/>
        <line num="213" count="28" type="stmt"/>
        <line num="214" count="3962" type="cond" truecount="2" falsecount="0"/>
        <line num="215" count="7" type="stmt"/>
        <line num="216" count="3955" type="cond" truecount="2" falsecount="0"/>
        <line num="217" count="7" type="stmt"/>
        <line num="218" count="3948" type="cond" truecount="2" falsecount="0"/>
        <line num="219" count="5" type="stmt"/>
        <line num="221" count="3943" type="stmt"/>
        <line num="225" count="3990" type="cond" truecount="4" falsecount="0"/>
        <line num="226" count="3900" type="stmt"/>
        <line num="229" count="3990" type="stmt"/>
        <line num="241" count="8" type="stmt"/>
        <line num="242" count="5" type="cond" truecount="5" falsecount="1"/>
        <line num="244" count="1" type="stmt"/>
        <line num="246" count="1" type="stmt"/>
        <line num="248" count="1" type="stmt"/>
        <line num="250" count="1" type="stmt"/>
        <line num="252" count="1" type="stmt"/>
        <line num="254" count="0" type="stmt"/>
        <line num="263" count="8" type="stmt"/>
        <line num="264" count="5" type="cond" truecount="5" falsecount="1"/>
        <line num="266" count="1" type="stmt"/>
        <line num="268" count="1" type="stmt"/>
        <line num="270" count="1" type="stmt"/>
        <line num="272" count="1" type="stmt"/>
        <line num="274" count="1" type="stmt"/>
        <line num="276" count="0" type="stmt"/>
      </file>
      <file name="types.ts" path="/home/cssong/workspace/password-generator/src/utils/types.ts">
        <metrics statements="0" coveredstatements="0" conditionals="0" coveredconditionals="0" methods="0" coveredmethods="0"/>
      </file>
    </package>
  </project>
</coverage>
