<?xml version="1.0" encoding="UTF-8"?>
<coverage generated="1755258603740" clover="3.2.0">
  <project timestamp="1755258603740" name="All files">
    <metrics statements="235" coveredstatements="219" conditionals="151" coveredconditionals="140" methods="26" coveredmethods="22" elements="412" coveredelements="381" complexity="0" loc="235" ncloc="235" packages="2" files="8" classes="8"/>
    <package name="screens">
      <metrics statements="6" coveredstatements="0" conditionals="0" coveredconditionals="0" methods="3" coveredmethods="0"/>
      <file name="GeneratorScreen.tsx" path="/home/cssong/workspace/password-generator/src/screens/GeneratorScreen.tsx">
        <metrics statements="2" coveredstatements="0" conditionals="0" coveredconditionals="0" methods="1" coveredmethods="0"/>
        <line num="5" count="0" type="stmt"/>
        <line num="13" count="0" type="stmt"/>
      </file>
      <file name="HistoryScreen.tsx" path="/home/cssong/workspace/password-generator/src/screens/HistoryScreen.tsx">
        <metrics statements="2" coveredstatements="0" conditionals="0" coveredconditionals="0" methods="1" coveredmethods="0"/>
        <line num="5" count="0" type="stmt"/>
        <line num="13" count="0" type="stmt"/>
      </file>
      <file name="SettingsScreen.tsx" path="/home/cssong/workspace/password-generator/src/screens/SettingsScreen.tsx">
        <metrics statements="2" coveredstatements="0" conditionals="0" coveredconditionals="0" methods="1" coveredmethods="0"/>
        <line num="5" count="0" type="stmt"/>
        <line num="13" count="0" type="stmt"/>
      </file>
    </package>
    <package name="utils">
      <metrics statements="229" coveredstatements="219" conditionals="151" coveredconditionals="140" methods="23" coveredmethods="22"/>
      <file name="passwordGenerator.ts" path="/home/cssong/workspace/password-generator/src/utils/passwordGenerator.ts">
        <metrics statements="82" coveredstatements="76" conditionals="60" coveredconditionals="55" methods="4" coveredmethods="4"/>
        <line num="6" count="2" type="stmt"/>
        <line num="7" count="2" type="stmt"/>
        <line num="8" count="2" type="stmt"/>
        <line num="9" count="2" type="stmt"/>
        <line num="12" count="2" type="stmt"/>
        <line num="24" count="2" type="stmt"/>
        <line num="25" count="90" type="stmt"/>
        <line num="27" count="90" type="cond" truecount="2" falsecount="0"/>
        <line num="28" count="83" type="stmt"/>
        <line num="29" count="83" type="cond" truecount="2" falsecount="0"/>
        <line num="30" count="3" type="stmt"/>
        <line num="32" count="83" type="stmt"/>
        <line num="35" count="90" type="cond" truecount="2" falsecount="0"/>
        <line num="36" count="87" type="stmt"/>
        <line num="37" count="87" type="cond" truecount="2" falsecount="0"/>
        <line num="38" count="3" type="stmt"/>
        <line num="40" count="87" type="stmt"/>
        <line num="43" count="90" type="cond" truecount="2" falsecount="0"/>
        <line num="44" count="83" type="stmt"/>
        <line num="45" count="83" type="cond" truecount="2" falsecount="0"/>
        <line num="46" count="3" type="stmt"/>
        <line num="48" count="83" type="stmt"/>
        <line num="51" count="90" type="cond" truecount="2" falsecount="0"/>
        <line num="52" count="81" type="stmt"/>
        <line num="53" count="81" type="cond" truecount="2" falsecount="0"/>
        <line num="54" count="1" type="stmt"/>
        <line num="56" count="81" type="stmt"/>
        <line num="59" count="90" type="stmt"/>
        <line num="68" count="2" type="stmt"/>
        <line num="69" count="189" type="stmt"/>
        <line num="70" count="189" type="stmt"/>
        <line num="71" count="189" type="stmt"/>
        <line num="74" count="189" type="cond" truecount="3" falsecount="1"/>
        <line num="75" count="0" type="cond" truecount="0" falsecount="2"/>
        <line num="78" count="0" type="stmt"/>
        <line num="79" count="0" type="stmt"/>
        <line num="83" count="189" type="cond" truecount="4" falsecount="0"/>
        <line num="84" count="162" type="cond" truecount="2" falsecount="0"/>
        <line num="87" count="162" type="stmt"/>
        <line num="88" count="162" type="stmt"/>
        <line num="92" count="189" type="cond" truecount="4" falsecount="0"/>
        <line num="93" count="163" type="cond" truecount="2" falsecount="0"/>
        <line num="96" count="163" type="stmt"/>
        <line num="97" count="163" type="stmt"/>
        <line num="101" count="189" type="cond" truecount="4" falsecount="0"/>
        <line num="102" count="81" type="cond" truecount="2" falsecount="0"/>
        <line num="105" count="81" type="stmt"/>
        <line num="106" count="81" type="stmt"/>
        <line num="109" count="189" type="stmt"/>
        <line num="117" count="2" type="stmt"/>
        <line num="118" count="100" type="stmt"/>
        <line num="119" count="400" type="cond" truecount="2" falsecount="0"/>
        <line num="120" count="100" type="stmt"/>
        <line num="123" count="0" type="stmt"/>
        <line num="131" count="2" type="stmt"/>
        <line num="133" count="96" type="cond" truecount="4" falsecount="0"/>
        <line num="134" count="4" type="stmt"/>
        <line num="137" count="92" type="cond" truecount="6" falsecount="0"/>
        <line num="139" count="2" type="stmt"/>
        <line num="142" count="90" type="stmt"/>
        <line num="144" count="90" type="cond" truecount="1" falsecount="1"/>
        <line num="145" count="0" type="stmt"/>
        <line num="148" count="90" type="stmt"/>
        <line num="149" count="90" type="stmt"/>
        <line num="150" count="90" type="stmt"/>
        <line num="152" count="90" type="stmt"/>
        <line num="153" count="190" type="cond" truecount="2" falsecount="0"/>
        <line num="155" count="1" type="cond" truecount="1" falsecount="1"/>
        <line num="156" count="1" type="stmt"/>
        <line num="157" count="1" type="stmt"/>
        <line num="159" count="0" type="stmt"/>
        <line num="163" count="189" type="stmt"/>
        <line num="164" count="189" type="stmt"/>
        <line num="165" count="3440" type="stmt"/>
        <line num="166" count="3440" type="stmt"/>
        <line num="169" count="189" type="stmt"/>
        <line num="172" count="189" type="stmt"/>
        <line num="174" count="189" type="stmt"/>
        <line num="178" count="89" type="stmt"/>
        <line num="179" count="89" type="stmt"/>
        <line num="181" count="89" type="stmt"/>
        <line num="192" count="2" type="stmt"/>
      </file>
      <file name="performance.ts" path="/home/cssong/workspace/password-generator/src/utils/performance.ts">
        <metrics statements="27" coveredstatements="25" conditionals="23" coveredconditionals="19" methods="5" coveredmethods="4"/>
        <line num="18" count="2" type="stmt"/>
        <line num="21" count="143" type="stmt"/>
        <line num="22" count="143" type="stmt"/>
        <line num="23" count="143" type="stmt"/>
        <line num="25" count="143" type="stmt"/>
        <line num="40" count="2" type="stmt"/>
        <line num="51" count="6" type="stmt"/>
        <line num="53" count="6" type="stmt"/>
        <line num="54" count="140" type="stmt"/>
        <line num="55" count="140" type="cond" truecount="2" falsecount="0"/>
        <line num="58" count="140" type="stmt"/>
        <line num="59" count="6" type="stmt"/>
        <line num="60" count="6" type="stmt"/>
        <line num="61" count="6" type="stmt"/>
        <line num="62" count="6" type="stmt"/>
        <line num="64" count="6" type="stmt"/>
        <line num="78" count="2" type="stmt"/>
        <line num="79" count="0" type="cond" truecount="0" falsecount="2"/>
        <line num="80" count="0" type="stmt"/>
        <line num="96" count="2" type="stmt"/>
        <line num="104" count="7" type="stmt"/>
        <line num="111" count="7" type="stmt"/>
        <line num="112" count="7" type="cond" truecount="2" falsecount="0"/>
        <line num="113" count="7" type="cond" truecount="2" falsecount="0"/>
        <line num="114" count="7" type="cond" truecount="2" falsecount="0"/>
        <line num="115" count="7" type="cond" truecount="2" falsecount="0"/>
        <line num="117" count="7" type="stmt"/>
      </file>
      <file name="secureRandom.ts" path="/home/cssong/workspace/password-generator/src/utils/secureRandom.ts">
        <metrics statements="21" coveredstatements="21" conditionals="2" coveredconditionals="2" methods="3" coveredmethods="3"/>
        <line num="8" count="3" type="stmt"/>
        <line num="9" count="7387" type="stmt"/>
        <line num="10" count="7387" type="stmt"/>
        <line num="19" count="3" type="stmt"/>
        <line num="20" count="7268" type="cond" truecount="2" falsecount="0"/>
        <line num="21" count="1" type="stmt"/>
        <line num="24" count="7267" type="stmt"/>
        <line num="25" count="7267" type="stmt"/>
        <line num="26" count="7267" type="stmt"/>
        <line num="29" count="7267" type="stmt"/>
        <line num="30" count="7382" type="stmt"/>
        <line num="31" count="7382" type="stmt"/>
        <line num="32" count="7382" type="stmt"/>
        <line num="33" count="7380" type="stmt"/>
        <line num="37" count="7267" type="stmt"/>
        <line num="45" count="3" type="stmt"/>
        <line num="46" count="195" type="stmt"/>
        <line num="48" count="195" type="stmt"/>
        <line num="49" count="3269" type="stmt"/>
        <line num="50" count="3269" type="stmt"/>
        <line num="53" count="195" type="stmt"/>
      </file>
      <file name="strengthCalculator.ts" path="/home/cssong/workspace/password-generator/src/utils/strengthCalculator.ts">
        <metrics statements="99" coveredstatements="97" conditionals="66" coveredconditionals="64" methods="11" coveredmethods="11"/>
        <line num="4" count="3" type="stmt"/>
        <line num="15" count="3" type="stmt"/>
        <line num="26" count="3" type="stmt"/>
        <line num="27" count="128" type="stmt"/>
        <line num="29" count="128" type="cond" truecount="2" falsecount="0"/>
        <line num="30" count="128" type="cond" truecount="2" falsecount="0"/>
        <line num="31" count="128" type="cond" truecount="2" falsecount="0"/>
        <line num="32" count="128" type="cond" truecount="2" falsecount="0"/>
        <line num="34" count="128" type="stmt"/>
        <line num="42" count="3" type="stmt"/>
        <line num="43" count="128" type="stmt"/>
        <line num="44" count="128" type="stmt"/>
        <line num="45" count="128" type="stmt"/>
        <line num="53" count="3" type="stmt"/>
        <line num="54" count="787" type="stmt"/>
        <line num="62" count="3" type="stmt"/>
        <line num="63" count="128" type="stmt"/>
        <line num="71" count="3" type="stmt"/>
        <line num="72" count="128" type="stmt"/>
        <line num="78" count="128" type="stmt"/>
        <line num="79" count="128" type="stmt"/>
        <line num="80" count="716" type="stmt"/>
        <line num="81" count="7005" type="cond" truecount="2" falsecount="0"/>
        <line num="82" count="20" type="stmt"/>
        <line num="85" count="696" type="stmt"/>
        <line num="94" count="3" type="stmt"/>
        <line num="96" count="128" type="stmt"/>
        <line num="97" count="943" type="cond" truecount="4" falsecount="0"/>
        <line num="98" count="68" type="stmt"/>
        <line num="103" count="60" type="stmt"/>
        <line num="104" count="304" type="stmt"/>
        <line num="105" count="2197" type="stmt"/>
        <line num="106" count="2197" type="stmt"/>
        <line num="107" count="2197" type="cond" truecount="2" falsecount="0"/>
        <line num="108" count="6" type="stmt"/>
        <line num="113" count="54" type="stmt"/>
        <line num="121" count="3" type="stmt"/>
        <line num="122" count="128" type="stmt"/>
        <line num="123" count="128" type="stmt"/>
        <line num="126" count="128" type="cond" truecount="2" falsecount="0"/>
        <line num="127" count="93" type="stmt"/>
        <line num="128" count="35" type="cond" truecount="2" falsecount="0"/>
        <line num="129" count="24" type="stmt"/>
        <line num="131" count="11" type="stmt"/>
        <line num="135" count="128" type="stmt"/>
        <line num="136" count="128" type="cond" truecount="2" falsecount="0"/>
        <line num="137" count="128" type="cond" truecount="2" falsecount="0"/>
        <line num="138" count="128" type="cond" truecount="2" falsecount="0"/>
        <line num="139" count="128" type="cond" truecount="2" falsecount="0"/>
        <line num="141" count="128" type="stmt"/>
        <line num="143" count="128" type="cond" truecount="2" falsecount="0"/>
        <line num="144" count="34" type="stmt"/>
        <line num="148" count="128" type="stmt"/>
        <line num="149" count="128" type="cond" truecount="2" falsecount="0"/>
        <line num="150" count="90" type="stmt"/>
        <line num="151" count="38" type="cond" truecount="2" falsecount="0"/>
        <line num="152" count="9" type="stmt"/>
        <line num="153" count="9" type="stmt"/>
        <line num="157" count="128" type="cond" truecount="2" falsecount="0"/>
        <line num="158" count="5" type="stmt"/>
        <line num="159" count="5" type="stmt"/>
        <line num="162" count="128" type="cond" truecount="2" falsecount="0"/>
        <line num="163" count="34" type="stmt"/>
        <line num="164" count="34" type="stmt"/>
        <line num="167" count="128" type="cond" truecount="2" falsecount="0"/>
        <line num="168" count="20" type="stmt"/>
        <line num="169" count="20" type="stmt"/>
        <line num="172" count="128" type="cond" truecount="2" falsecount="0"/>
        <line num="173" count="74" type="stmt"/>
        <line num="174" count="74" type="stmt"/>
        <line num="178" count="128" type="stmt"/>
        <line num="182" count="128" type="cond" truecount="2" falsecount="0"/>
        <line num="183" count="26" type="stmt"/>
        <line num="184" count="102" type="cond" truecount="2" falsecount="0"/>
        <line num="185" count="3" type="stmt"/>
        <line num="186" count="99" type="cond" truecount="2" falsecount="0"/>
        <line num="187" count="3" type="stmt"/>
        <line num="188" count="96" type="cond" truecount="2" falsecount="0"/>
        <line num="189" count="4" type="stmt"/>
        <line num="191" count="92" type="stmt"/>
        <line num="195" count="128" type="cond" truecount="4" falsecount="0"/>
        <line num="196" count="26" type="stmt"/>
        <line num="199" count="128" type="stmt"/>
        <line num="211" count="3" type="stmt"/>
        <line num="212" count="5" type="cond" truecount="5" falsecount="1"/>
        <line num="214" count="1" type="stmt"/>
        <line num="216" count="1" type="stmt"/>
        <line num="218" count="1" type="stmt"/>
        <line num="220" count="1" type="stmt"/>
        <line num="222" count="1" type="stmt"/>
        <line num="224" count="0" type="stmt"/>
        <line num="233" count="3" type="stmt"/>
        <line num="234" count="5" type="cond" truecount="5" falsecount="1"/>
        <line num="236" count="1" type="stmt"/>
        <line num="238" count="1" type="stmt"/>
        <line num="240" count="1" type="stmt"/>
        <line num="242" count="1" type="stmt"/>
        <line num="244" count="1" type="stmt"/>
        <line num="246" count="0" type="stmt"/>
      </file>
      <file name="types.ts" path="/home/cssong/workspace/password-generator/src/utils/types.ts">
        <metrics statements="0" coveredstatements="0" conditionals="0" coveredconditionals="0" methods="0" coveredmethods="0"/>
      </file>
    </package>
  </project>
</coverage>
