{"/home/cssong/workspace/password-generator/src/screens/GeneratorScreen.tsx": {"path":"/home/cssong/workspace/password-generator/src/screens/GeneratorScreen.tsx","statementMap":{"0":{"start":{"line":5,"column":2},"end":{"line":10,"column":4}},"1":{"start":{"line":13,"column":15},"end":{"line":29,"column":2}}},"fnMap":{"0":{"name":"GeneratorScreen","decl":{"start":{"line":4,"column":24},"end":{"line":4,"column":39}},"loc":{"start":{"line":4,"column":42},"end":{"line":11,"column":1}},"line":4}},"branchMap":{},"s":{"0":0,"1":0},"f":{"0":0},"b":{}}
,"/home/cssong/workspace/password-generator/src/screens/HistoryScreen.tsx": {"path":"/home/cssong/workspace/password-generator/src/screens/HistoryScreen.tsx","statementMap":{"0":{"start":{"line":5,"column":2},"end":{"line":10,"column":4}},"1":{"start":{"line":13,"column":15},"end":{"line":29,"column":2}}},"fnMap":{"0":{"name":"HistoryScreen","decl":{"start":{"line":4,"column":24},"end":{"line":4,"column":37}},"loc":{"start":{"line":4,"column":40},"end":{"line":11,"column":1}},"line":4}},"branchMap":{},"s":{"0":0,"1":0},"f":{"0":0},"b":{}}
,"/home/cssong/workspace/password-generator/src/screens/SettingsScreen.tsx": {"path":"/home/cssong/workspace/password-generator/src/screens/SettingsScreen.tsx","statementMap":{"0":{"start":{"line":5,"column":2},"end":{"line":10,"column":4}},"1":{"start":{"line":13,"column":15},"end":{"line":29,"column":2}}},"fnMap":{"0":{"name":"SettingsScreen","decl":{"start":{"line":4,"column":24},"end":{"line":4,"column":38}},"loc":{"start":{"line":4,"column":41},"end":{"line":11,"column":1}},"line":4}},"branchMap":{},"s":{"0":0,"1":0},"f":{"0":0},"b":{}}
,"/home/cssong/workspace/password-generator/src/utils/passwordGenerator.ts": {"path":"/home/cssong/workspace/password-generator/src/utils/passwordGenerator.ts","statementMap":{"0":{"start":{"line":6,"column":18},"end":{"line":6,"column":46}},"1":{"start":{"line":7,"column":18},"end":{"line":7,"column":46}},"2":{"start":{"line":8,"column":16},"end":{"line":8,"column":28}},"3":{"start":{"line":9,"column":16},"end":{"line":9,"column":44}},"4":{"start":{"line":12,"column":22},"end":{"line":17,"column":1}},"5":{"start":{"line":24,"column":24},"end":{"line":60,"column":1}},"6":{"start":{"line":25,"column":16},"end":{"line":25,"column":18}},"7":{"start":{"line":27,"column":2},"end":{"line":33,"column":3}},"8":{"start":{"line":28,"column":19},"end":{"line":28,"column":28}},"9":{"start":{"line":29,"column":4},"end":{"line":31,"column":5}},"10":{"start":{"line":30,"column":6},"end":{"line":30,"column":87}},"11":{"start":{"line":32,"column":4},"end":{"line":32,"column":24}},"12":{"start":{"line":35,"column":2},"end":{"line":41,"column":3}},"13":{"start":{"line":36,"column":19},"end":{"line":36,"column":28}},"14":{"start":{"line":37,"column":4},"end":{"line":39,"column":5}},"15":{"start":{"line":38,"column":6},"end":{"line":38,"column":87}},"16":{"start":{"line":40,"column":4},"end":{"line":40,"column":24}},"17":{"start":{"line":43,"column":2},"end":{"line":49,"column":3}},"18":{"start":{"line":44,"column":20},"end":{"line":44,"column":27}},"19":{"start":{"line":45,"column":4},"end":{"line":47,"column":5}},"20":{"start":{"line":46,"column":6},"end":{"line":46,"column":87}},"21":{"start":{"line":48,"column":4},"end":{"line":48,"column":25}},"22":{"start":{"line":51,"column":2},"end":{"line":57,"column":3}},"23":{"start":{"line":52,"column":20},"end":{"line":52,"column":27}},"24":{"start":{"line":53,"column":4},"end":{"line":55,"column":5}},"25":{"start":{"line":54,"column":6},"end":{"line":54,"column":87}},"26":{"start":{"line":56,"column":4},"end":{"line":56,"column":25}},"27":{"start":{"line":59,"column":2},"end":{"line":59,"column":17}},"28":{"start":{"line":68,"column":29},"end":{"line":110,"column":1}},"29":{"start":{"line":69,"column":16},"end":{"line":69,"column":34}},"30":{"start":{"line":70,"column":20},"end":{"line":70,"column":80}},"31":{"start":{"line":71,"column":17},"end":{"line":71,"column":18}},"32":{"start":{"line":74,"column":2},"end":{"line":80,"column":3}},"33":{"start":{"line":75,"column":21},"end":{"line":77,"column":17}},"34":{"start":{"line":78,"column":23},"end":{"line":78,"column":81}},"35":{"start":{"line":79,"column":4},"end":{"line":79,"column":46}},"36":{"start":{"line":83,"column":2},"end":{"line":89,"column":3}},"37":{"start":{"line":84,"column":21},"end":{"line":86,"column":17}},"38":{"start":{"line":87,"column":23},"end":{"line":87,"column":81}},"39":{"start":{"line":88,"column":4},"end":{"line":88,"column":46}},"40":{"start":{"line":92,"column":2},"end":{"line":98,"column":3}},"41":{"start":{"line":93,"column":22},"end":{"line":95,"column":15}},"42":{"start":{"line":96,"column":23},"end":{"line":96,"column":83}},"43":{"start":{"line":97,"column":4},"end":{"line":97,"column":46}},"44":{"start":{"line":101,"column":2},"end":{"line":107,"column":3}},"45":{"start":{"line":102,"column":22},"end":{"line":104,"column":15}},"46":{"start":{"line":105,"column":23},"end":{"line":105,"column":83}},"47":{"start":{"line":106,"column":4},"end":{"line":106,"column":46}},"48":{"start":{"line":109,"column":2},"end":{"line":109,"column":24}},"49":{"start":{"line":117,"column":26},"end":{"line":124,"column":1}},"50":{"start":{"line":118,"column":2},"end":{"line":122,"column":3}},"51":{"start":{"line":118,"column":15},"end":{"line":118,"column":16}},"52":{"start":{"line":119,"column":4},"end":{"line":121,"column":5}},"53":{"start":{"line":120,"column":6},"end":{"line":120,"column":18}},"54":{"start":{"line":123,"column":2},"end":{"line":123,"column":15}},"55":{"start":{"line":131,"column":38},"end":{"line":187,"column":1}},"56":{"start":{"line":133,"column":2},"end":{"line":135,"column":3}},"57":{"start":{"line":134,"column":4},"end":{"line":134,"column":75}},"58":{"start":{"line":137,"column":2},"end":{"line":140,"column":3}},"59":{"start":{"line":139,"column":4},"end":{"line":139,"column":68}},"60":{"start":{"line":142,"column":18},"end":{"line":142,"column":42}},"61":{"start":{"line":144,"column":2},"end":{"line":146,"column":3}},"62":{"start":{"line":145,"column":4},"end":{"line":145,"column":74}},"63":{"start":{"line":148,"column":17},"end":{"line":148,"column":19}},"64":{"start":{"line":149,"column":17},"end":{"line":149,"column":18}},"65":{"start":{"line":150,"column":22},"end":{"line":150,"column":25}},"66":{"start":{"line":152,"column":2},"end":{"line":175,"column":68}},"67":{"start":{"line":153,"column":4},"end":{"line":160,"column":5}},"68":{"start":{"line":155,"column":6},"end":{"line":158,"column":7}},"69":{"start":{"line":156,"column":31},"end":{"line":156,"column":70}},"70":{"start":{"line":157,"column":8},"end":{"line":157,"column":54}},"71":{"start":{"line":159,"column":6},"end":{"line":159,"column":74}},"72":{"start":{"line":163,"column":28},"end":{"line":163,"column":30}},"73":{"start":{"line":164,"column":4},"end":{"line":167,"column":5}},"74":{"start":{"line":164,"column":17},"end":{"line":164,"column":18}},"75":{"start":{"line":165,"column":26},"end":{"line":165,"column":73}},"76":{"start":{"line":166,"column":6},"end":{"line":166,"column":39}},"77":{"start":{"line":169,"column":4},"end":{"line":169,"column":30}},"78":{"start":{"line":172,"column":4},"end":{"line":172,"column":61}},"79":{"start":{"line":174,"column":4},"end":{"line":174,"column":15}},"80":{"start":{"line":178,"column":19},"end":{"line":178,"column":54}},"81":{"start":{"line":179,"column":18},"end":{"line":179,"column":60}},"82":{"start":{"line":181,"column":2},"end":{"line":186,"column":4}},"83":{"start":{"line":192,"column":49},"end":{"line":200,"column":1}}},"fnMap":{"0":{"name":"(anonymous_0)","decl":{"start":{"line":24,"column":24},"end":{"line":24,"column":25}},"loc":{"start":{"line":24,"column":63},"end":{"line":60,"column":1}},"line":24},"1":{"name":"(anonymous_1)","decl":{"start":{"line":68,"column":29},"end":{"line":68,"column":30}},"loc":{"start":{"line":68,"column":101},"end":{"line":110,"column":1}},"line":68},"2":{"name":"(anonymous_2)","decl":{"start":{"line":117,"column":26},"end":{"line":117,"column":27}},"loc":{"start":{"line":117,"column":57},"end":{"line":124,"column":1}},"line":117},"3":{"name":"(anonymous_3)","decl":{"start":{"line":131,"column":38},"end":{"line":131,"column":39}},"loc":{"start":{"line":131,"column":103},"end":{"line":187,"column":1}},"line":131}},"branchMap":{"0":{"loc":{"start":{"line":27,"column":2},"end":{"line":33,"column":3}},"type":"if","locations":[{"start":{"line":27,"column":2},"end":{"line":33,"column":3}},{"start":{},"end":{}}],"line":27},"1":{"loc":{"start":{"line":29,"column":4},"end":{"line":31,"column":5}},"type":"if","locations":[{"start":{"line":29,"column":4},"end":{"line":31,"column":5}},{"start":{},"end":{}}],"line":29},"2":{"loc":{"start":{"line":35,"column":2},"end":{"line":41,"column":3}},"type":"if","locations":[{"start":{"line":35,"column":2},"end":{"line":41,"column":3}},{"start":{},"end":{}}],"line":35},"3":{"loc":{"start":{"line":37,"column":4},"end":{"line":39,"column":5}},"type":"if","locations":[{"start":{"line":37,"column":4},"end":{"line":39,"column":5}},{"start":{},"end":{}}],"line":37},"4":{"loc":{"start":{"line":43,"column":2},"end":{"line":49,"column":3}},"type":"if","locations":[{"start":{"line":43,"column":2},"end":{"line":49,"column":3}},{"start":{},"end":{}}],"line":43},"5":{"loc":{"start":{"line":45,"column":4},"end":{"line":47,"column":5}},"type":"if","locations":[{"start":{"line":45,"column":4},"end":{"line":47,"column":5}},{"start":{},"end":{}}],"line":45},"6":{"loc":{"start":{"line":51,"column":2},"end":{"line":57,"column":3}},"type":"if","locations":[{"start":{"line":51,"column":2},"end":{"line":57,"column":3}},{"start":{},"end":{}}],"line":51},"7":{"loc":{"start":{"line":53,"column":4},"end":{"line":55,"column":5}},"type":"if","locations":[{"start":{"line":53,"column":4},"end":{"line":55,"column":5}},{"start":{},"end":{}}],"line":53},"8":{"loc":{"start":{"line":74,"column":2},"end":{"line":80,"column":3}},"type":"if","locations":[{"start":{"line":74,"column":2},"end":{"line":80,"column":3}},{"start":{},"end":{}}],"line":74},"9":{"loc":{"start":{"line":74,"column":6},"end":{"line":74,"column":78}},"type":"binary-expr","locations":[{"start":{"line":74,"column":6},"end":{"line":74,"column":30}},{"start":{"line":74,"column":34},"end":{"line":74,"column":78}}],"line":74},"10":{"loc":{"start":{"line":75,"column":21},"end":{"line":77,"column":17}},"type":"cond-expr","locations":[{"start":{"line":76,"column":8},"end":{"line":76,"column":78}},{"start":{"line":77,"column":8},"end":{"line":77,"column":17}}],"line":75},"11":{"loc":{"start":{"line":83,"column":2},"end":{"line":89,"column":3}},"type":"if","locations":[{"start":{"line":83,"column":2},"end":{"line":89,"column":3}},{"start":{},"end":{}}],"line":83},"12":{"loc":{"start":{"line":83,"column":6},"end":{"line":83,"column":78}},"type":"binary-expr","locations":[{"start":{"line":83,"column":6},"end":{"line":83,"column":30}},{"start":{"line":83,"column":34},"end":{"line":83,"column":78}}],"line":83},"13":{"loc":{"start":{"line":84,"column":21},"end":{"line":86,"column":17}},"type":"cond-expr","locations":[{"start":{"line":85,"column":8},"end":{"line":85,"column":78}},{"start":{"line":86,"column":8},"end":{"line":86,"column":17}}],"line":84},"14":{"loc":{"start":{"line":92,"column":2},"end":{"line":98,"column":3}},"type":"if","locations":[{"start":{"line":92,"column":2},"end":{"line":98,"column":3}},{"start":{},"end":{}}],"line":92},"15":{"loc":{"start":{"line":92,"column":6},"end":{"line":92,"column":74}},"type":"binary-expr","locations":[{"start":{"line":92,"column":6},"end":{"line":92,"column":28}},{"start":{"line":92,"column":32},"end":{"line":92,"column":74}}],"line":92},"16":{"loc":{"start":{"line":93,"column":22},"end":{"line":95,"column":15}},"type":"cond-expr","locations":[{"start":{"line":94,"column":8},"end":{"line":94,"column":74}},{"start":{"line":95,"column":8},"end":{"line":95,"column":15}}],"line":93},"17":{"loc":{"start":{"line":101,"column":2},"end":{"line":107,"column":3}},"type":"if","locations":[{"start":{"line":101,"column":2},"end":{"line":107,"column":3}},{"start":{},"end":{}}],"line":101},"18":{"loc":{"start":{"line":101,"column":6},"end":{"line":101,"column":74}},"type":"binary-expr","locations":[{"start":{"line":101,"column":6},"end":{"line":101,"column":28}},{"start":{"line":101,"column":32},"end":{"line":101,"column":74}}],"line":101},"19":{"loc":{"start":{"line":102,"column":22},"end":{"line":104,"column":15}},"type":"cond-expr","locations":[{"start":{"line":103,"column":8},"end":{"line":103,"column":74}},{"start":{"line":104,"column":8},"end":{"line":104,"column":15}}],"line":102},"20":{"loc":{"start":{"line":119,"column":4},"end":{"line":121,"column":5}},"type":"if","locations":[{"start":{"line":119,"column":4},"end":{"line":121,"column":5}},{"start":{},"end":{}}],"line":119},"21":{"loc":{"start":{"line":133,"column":2},"end":{"line":135,"column":3}},"type":"if","locations":[{"start":{"line":133,"column":2},"end":{"line":135,"column":3}},{"start":{},"end":{}}],"line":133},"22":{"loc":{"start":{"line":133,"column":6},"end":{"line":133,"column":47}},"type":"binary-expr","locations":[{"start":{"line":133,"column":6},"end":{"line":133,"column":24}},{"start":{"line":133,"column":28},"end":{"line":133,"column":47}}],"line":133},"23":{"loc":{"start":{"line":137,"column":2},"end":{"line":140,"column":3}},"type":"if","locations":[{"start":{"line":137,"column":2},"end":{"line":140,"column":3}},{"start":{},"end":{}}],"line":137},"24":{"loc":{"start":{"line":137,"column":6},"end":{"line":138,"column":56}},"type":"binary-expr","locations":[{"start":{"line":137,"column":6},"end":{"line":137,"column":31}},{"start":{"line":137,"column":35},"end":{"line":137,"column":60}},{"start":{"line":138,"column":6},"end":{"line":138,"column":29}},{"start":{"line":138,"column":33},"end":{"line":138,"column":56}}],"line":137},"25":{"loc":{"start":{"line":144,"column":2},"end":{"line":146,"column":3}},"type":"if","locations":[{"start":{"line":144,"column":2},"end":{"line":146,"column":3}},{"start":{},"end":{}}],"line":144},"26":{"loc":{"start":{"line":153,"column":4},"end":{"line":160,"column":5}},"type":"if","locations":[{"start":{"line":153,"column":4},"end":{"line":160,"column":5}},{"start":{},"end":{}}],"line":153},"27":{"loc":{"start":{"line":155,"column":6},"end":{"line":158,"column":7}},"type":"if","locations":[{"start":{"line":155,"column":6},"end":{"line":158,"column":7}},{"start":{},"end":{}}],"line":155},"28":{"loc":{"start":{"line":175,"column":11},"end":{"line":175,"column":66}},"type":"binary-expr","locations":[{"start":{"line":175,"column":11},"end":{"line":175,"column":35}},{"start":{"line":175,"column":39},"end":{"line":175,"column":66}}],"line":175}},"s":{"0":2,"1":2,"2":2,"3":2,"4":2,"5":2,"6":90,"7":90,"8":83,"9":83,"10":3,"11":83,"12":90,"13":87,"14":87,"15":3,"16":87,"17":90,"18":83,"19":83,"20":3,"21":83,"22":90,"23":81,"24":81,"25":1,"26":81,"27":90,"28":2,"29":189,"30":189,"31":189,"32":189,"33":0,"34":0,"35":0,"36":189,"37":162,"38":162,"39":162,"40":189,"41":163,"42":163,"43":163,"44":189,"45":81,"46":81,"47":81,"48":189,"49":2,"50":100,"51":100,"52":400,"53":100,"54":0,"55":2,"56":96,"57":4,"58":92,"59":2,"60":90,"61":90,"62":0,"63":90,"64":90,"65":90,"66":90,"67":190,"68":1,"69":1,"70":1,"71":0,"72":189,"73":189,"74":189,"75":3440,"76":3440,"77":189,"78":189,"79":189,"80":89,"81":89,"82":89,"83":2},"f":{"0":90,"1":189,"2":100,"3":96},"b":{"0":[83,7],"1":[3,80],"2":[87,3],"3":[3,84],"4":[83,7],"5":[3,80],"6":[81,9],"7":[1,80],"8":[0,189],"9":[189,182],"10":[0,0],"11":[162,27],"12":[189,186],"13":[101,61],"14":[163,26],"15":[189,182],"16":[101,62],"17":[81,108],"18":[189,81],"19":[1,80],"20":[100,300],"21":[4,92],"22":[96,94],"23":[2,90],"24":[92,9,4,3],"25":[0,90],"26":[1,189],"27":[1,0],"28":[189,100]},"_coverageSchema":"1a1c01bbd47fc00a2c39e90264f33305004495a9","hash":"600c8f0be78e6e63dda4ddfda966eb732dd76cc1"}
,"/home/cssong/workspace/password-generator/src/utils/performance.ts": {"path":"/home/cssong/workspace/password-generator/src/utils/performance.ts","statementMap":{"0":{"start":{"line":18,"column":34},"end":{"line":32,"column":1}},"1":{"start":{"line":21,"column":20},"end":{"line":21,"column":37}},"2":{"start":{"line":22,"column":17},"end":{"line":22,"column":27}},"3":{"start":{"line":23,"column":18},"end":{"line":23,"column":35}},"4":{"start":{"line":25,"column":2},"end":{"line":31,"column":4}},"5":{"start":{"line":40,"column":43},"end":{"line":72,"column":1}},"6":{"start":{"line":51,"column":26},"end":{"line":51,"column":28}},"7":{"start":{"line":53,"column":2},"end":{"line":56,"column":3}},"8":{"start":{"line":53,"column":15},"end":{"line":53,"column":16}},"9":{"start":{"line":54,"column":24},"end":{"line":54,"column":60}},"10":{"start":{"line":55,"column":4},"end":{"line":55,"column":44}},"11":{"start":{"line":58,"column":20},"end":{"line":58,"column":62}},"12":{"start":{"line":58,"column":48},"end":{"line":58,"column":58}},"13":{"start":{"line":59,"column":22},"end":{"line":59,"column":44}},"14":{"start":{"line":60,"column":18},"end":{"line":60,"column":36}},"15":{"start":{"line":61,"column":18},"end":{"line":61,"column":36}},"16":{"start":{"line":62,"column":23},"end":{"line":62,"column":40}},"17":{"start":{"line":64,"column":2},"end":{"line":71,"column":4}},"18":{"start":{"line":78,"column":37},"end":{"line":89,"column":1}},"19":{"start":{"line":79,"column":2},"end":{"line":88,"column":3}},"20":{"start":{"line":80,"column":4},"end":{"line":87,"column":7}},"21":{"start":{"line":96,"column":37},"end":{"line":118,"column":1}},"22":{"start":{"line":104,"column":19},"end":{"line":109,"column":3}},"23":{"start":{"line":111,"column":16},"end":{"line":111,"column":18}},"24":{"start":{"line":112,"column":2},"end":{"line":112,"column":62}},"25":{"start":{"line":112,"column":32},"end":{"line":112,"column":62}},"26":{"start":{"line":113,"column":2},"end":{"line":113,"column":62}},"27":{"start":{"line":113,"column":32},"end":{"line":113,"column":62}},"28":{"start":{"line":114,"column":2},"end":{"line":114,"column":58}},"29":{"start":{"line":114,"column":30},"end":{"line":114,"column":58}},"30":{"start":{"line":115,"column":2},"end":{"line":115,"column":58}},"31":{"start":{"line":115,"column":30},"end":{"line":115,"column":58}},"32":{"start":{"line":117,"column":2},"end":{"line":117,"column":17}}},"fnMap":{"0":{"name":"(anonymous_0)","decl":{"start":{"line":18,"column":34},"end":{"line":18,"column":35}},"loc":{"start":{"line":20,"column":67},"end":{"line":32,"column":1}},"line":20},"1":{"name":"(anonymous_1)","decl":{"start":{"line":40,"column":43},"end":{"line":40,"column":44}},"loc":{"start":{"line":50,"column":6},"end":{"line":72,"column":1}},"line":50},"2":{"name":"(anonymous_2)","decl":{"start":{"line":58,"column":33},"end":{"line":58,"column":34}},"loc":{"start":{"line":58,"column":48},"end":{"line":58,"column":58}},"line":58},"3":{"name":"(anonymous_3)","decl":{"start":{"line":78,"column":37},"end":{"line":78,"column":38}},"loc":{"start":{"line":78,"column":76},"end":{"line":89,"column":1}},"line":78},"4":{"name":"(anonymous_4)","decl":{"start":{"line":96,"column":37},"end":{"line":96,"column":38}},"loc":{"start":{"line":102,"column":14},"end":{"line":118,"column":1}},"line":102}},"branchMap":{"0":{"loc":{"start":{"line":42,"column":2},"end":{"line":42,"column":26}},"type":"default-arg","locations":[{"start":{"line":42,"column":23},"end":{"line":42,"column":26}}],"line":42},"1":{"loc":{"start":{"line":55,"column":15},"end":{"line":55,"column":42}},"type":"binary-expr","locations":[{"start":{"line":55,"column":15},"end":{"line":55,"column":37}},{"start":{"line":55,"column":41},"end":{"line":55,"column":42}}],"line":55},"2":{"loc":{"start":{"line":79,"column":2},"end":{"line":88,"column":3}},"type":"if","locations":[{"start":{"line":79,"column":2},"end":{"line":88,"column":3}},{"start":{},"end":{}}],"line":79},"3":{"loc":{"start":{"line":82,"column":30},"end":{"line":82,"column":70}},"type":"cond-expr","locations":[{"start":{"line":82,"column":61},"end":{"line":82,"column":64}},{"start":{"line":82,"column":67},"end":{"line":82,"column":70}}],"line":82},"4":{"loc":{"start":{"line":105,"column":15},"end":{"line":105,"column":96}},"type":"cond-expr","locations":[{"start":{"line":105,"column":40},"end":{"line":105,"column":65}},{"start":{"line":105,"column":68},"end":{"line":105,"column":96}}],"line":105},"5":{"loc":{"start":{"line":106,"column":15},"end":{"line":106,"column":97}},"type":"cond-expr","locations":[{"start":{"line":106,"column":40},"end":{"line":106,"column":66}},{"start":{"line":106,"column":69},"end":{"line":106,"column":97}}],"line":106},"6":{"loc":{"start":{"line":107,"column":13},"end":{"line":107,"column":63}},"type":"cond-expr","locations":[{"start":{"line":107,"column":38},"end":{"line":107,"column":48}},{"start":{"line":107,"column":51},"end":{"line":107,"column":63}}],"line":107},"7":{"loc":{"start":{"line":108,"column":13},"end":{"line":108,"column":95}},"type":"cond-expr","locations":[{"start":{"line":108,"column":38},"end":{"line":108,"column":64}},{"start":{"line":108,"column":67},"end":{"line":108,"column":95}}],"line":108},"8":{"loc":{"start":{"line":112,"column":2},"end":{"line":112,"column":62}},"type":"if","locations":[{"start":{"line":112,"column":2},"end":{"line":112,"column":62}},{"start":{},"end":{}}],"line":112},"9":{"loc":{"start":{"line":113,"column":2},"end":{"line":113,"column":62}},"type":"if","locations":[{"start":{"line":113,"column":2},"end":{"line":113,"column":62}},{"start":{},"end":{}}],"line":113},"10":{"loc":{"start":{"line":114,"column":2},"end":{"line":114,"column":58}},"type":"if","locations":[{"start":{"line":114,"column":2},"end":{"line":114,"column":58}},{"start":{},"end":{}}],"line":114},"11":{"loc":{"start":{"line":115,"column":2},"end":{"line":115,"column":58}},"type":"if","locations":[{"start":{"line":115,"column":2},"end":{"line":115,"column":58}},{"start":{},"end":{}}],"line":115}},"s":{"0":2,"1":143,"2":143,"3":143,"4":143,"5":2,"6":6,"7":6,"8":6,"9":140,"10":140,"11":6,"12":140,"13":6,"14":6,"15":6,"16":6,"17":6,"18":2,"19":0,"20":0,"21":2,"22":7,"23":7,"24":7,"25":5,"26":7,"27":4,"28":7,"29":3,"30":7,"31":2,"32":7},"f":{"0":143,"1":6,"2":140,"3":0,"4":7},"b":{"0":[1],"1":[140,130],"2":[0,0],"3":[0,0],"4":[3,4],"5":[3,4],"6":[3,4],"7":[3,4],"8":[5,2],"9":[4,3],"10":[3,4],"11":[2,5]},"_coverageSchema":"1a1c01bbd47fc00a2c39e90264f33305004495a9","hash":"f6fb16937424117fe4d8e8175392f7fbec1323c0"}
,"/home/cssong/workspace/password-generator/src/utils/secureRandom.ts": {"path":"/home/cssong/workspace/password-generator/src/utils/secureRandom.ts","statementMap":{"0":{"start":{"line":8,"column":36},"end":{"line":11,"column":1}},"1":{"start":{"line":9,"column":22},"end":{"line":9,"column":62}},"2":{"start":{"line":10,"column":2},"end":{"line":10,"column":37}},"3":{"start":{"line":19,"column":34},"end":{"line":38,"column":1}},"4":{"start":{"line":20,"column":2},"end":{"line":22,"column":3}},"5":{"start":{"line":21,"column":4},"end":{"line":21,"column":61}},"6":{"start":{"line":24,"column":16},"end":{"line":24,"column":29}},"7":{"start":{"line":25,"column":22},"end":{"line":25,"column":53}},"8":{"start":{"line":26,"column":24},"end":{"line":26,"column":74}},"9":{"start":{"line":29,"column":2},"end":{"line":35,"column":40}},"10":{"start":{"line":30,"column":24},"end":{"line":30,"column":63}},"11":{"start":{"line":31,"column":4},"end":{"line":31,"column":20}},"12":{"start":{"line":32,"column":4},"end":{"line":34,"column":5}},"13":{"start":{"line":32,"column":17},"end":{"line":32,"column":18}},"14":{"start":{"line":33,"column":6},"end":{"line":33,"column":55}},"15":{"start":{"line":37,"column":2},"end":{"line":37,"column":37}},"16":{"start":{"line":45,"column":34},"end":{"line":54,"column":1}},"17":{"start":{"line":46,"column":17},"end":{"line":46,"column":27}},"18":{"start":{"line":48,"column":2},"end":{"line":51,"column":3}},"19":{"start":{"line":48,"column":15},"end":{"line":48,"column":32}},"20":{"start":{"line":49,"column":14},"end":{"line":49,"column":44}},"21":{"start":{"line":50,"column":4},"end":{"line":50,"column":52}},"22":{"start":{"line":53,"column":2},"end":{"line":53,"column":16}}},"fnMap":{"0":{"name":"(anonymous_0)","decl":{"start":{"line":8,"column":36},"end":{"line":8,"column":37}},"loc":{"start":{"line":8,"column":83},"end":{"line":11,"column":1}},"line":8},"1":{"name":"(anonymous_1)","decl":{"start":{"line":19,"column":34},"end":{"line":19,"column":35}},"loc":{"start":{"line":19,"column":87},"end":{"line":38,"column":1}},"line":19},"2":{"name":"(anonymous_2)","decl":{"start":{"line":45,"column":34},"end":{"line":45,"column":35}},"loc":{"start":{"line":45,"column":73},"end":{"line":54,"column":1}},"line":45}},"branchMap":{"0":{"loc":{"start":{"line":20,"column":2},"end":{"line":22,"column":3}},"type":"if","locations":[{"start":{"line":20,"column":2},"end":{"line":22,"column":3}},{"start":{},"end":{}}],"line":20}},"s":{"0":3,"1":7387,"2":7387,"3":3,"4":7268,"5":1,"6":7267,"7":7267,"8":7267,"9":7267,"10":7382,"11":7382,"12":7382,"13":7382,"14":7380,"15":7267,"16":3,"17":195,"18":195,"19":195,"20":3269,"21":3269,"22":195},"f":{"0":7387,"1":7268,"2":195},"b":{"0":[1,7267]},"_coverageSchema":"1a1c01bbd47fc00a2c39e90264f33305004495a9","hash":"841dfb7e8ab165290e10f3b9fa47f06053b9e591"}
,"/home/cssong/workspace/password-generator/src/utils/strengthCalculator.ts": {"path":"/home/cssong/workspace/password-generator/src/utils/strengthCalculator.ts","statementMap":{"0":{"start":{"line":4,"column":24},"end":{"line":12,"column":1}},"1":{"start":{"line":15,"column":25},"end":{"line":19,"column":1}},"2":{"start":{"line":26,"column":29},"end":{"line":35,"column":1}},"3":{"start":{"line":27,"column":20},"end":{"line":27,"column":21}},"4":{"start":{"line":29,"column":2},"end":{"line":29,"column":48}},"5":{"start":{"line":29,"column":30},"end":{"line":29,"column":48}},"6":{"start":{"line":30,"column":2},"end":{"line":30,"column":48}},"7":{"start":{"line":30,"column":30},"end":{"line":30,"column":48}},"8":{"start":{"line":31,"column":2},"end":{"line":31,"column":48}},"9":{"start":{"line":31,"column":30},"end":{"line":31,"column":48}},"10":{"start":{"line":32,"column":2},"end":{"line":32,"column":55}},"11":{"start":{"line":32,"column":37},"end":{"line":32,"column":55}},"12":{"start":{"line":34,"column":2},"end":{"line":34,"column":21}},"13":{"start":{"line":42,"column":25},"end":{"line":46,"column":1}},"14":{"start":{"line":43,"column":22},"end":{"line":43,"column":52}},"15":{"start":{"line":44,"column":17},"end":{"line":44,"column":32}},"16":{"start":{"line":45,"column":2},"end":{"line":45,"column":50}},"17":{"start":{"line":53,"column":26},"end":{"line":55,"column":1}},"18":{"start":{"line":54,"column":2},"end":{"line":54,"column":65}},"19":{"start":{"line":54,"column":41},"end":{"line":54,"column":63}},"20":{"start":{"line":62,"column":25},"end":{"line":64,"column":1}},"21":{"start":{"line":63,"column":2},"end":{"line":63,"column":59}},"22":{"start":{"line":71,"column":28},"end":{"line":87,"column":1}},"23":{"start":{"line":72,"column":27},"end":{"line":76,"column":3}},"24":{"start":{"line":78,"column":24},"end":{"line":78,"column":46}},"25":{"start":{"line":79,"column":2},"end":{"line":86,"column":5}},"26":{"start":{"line":80,"column":4},"end":{"line":84,"column":5}},"27":{"start":{"line":80,"column":17},"end":{"line":80,"column":18}},"28":{"start":{"line":81,"column":6},"end":{"line":83,"column":7}},"29":{"start":{"line":82,"column":8},"end":{"line":82,"column":20}},"30":{"start":{"line":85,"column":4},"end":{"line":85,"column":17}},"31":{"start":{"line":94,"column":22},"end":{"line":114,"column":1}},"32":{"start":{"line":96,"column":2},"end":{"line":100,"column":3}},"33":{"start":{"line":96,"column":15},"end":{"line":96,"column":16}},"34":{"start":{"line":97,"column":4},"end":{"line":99,"column":5}},"35":{"start":{"line":98,"column":6},"end":{"line":98,"column":18}},"36":{"start":{"line":103,"column":2},"end":{"line":111,"column":3}},"37":{"start":{"line":103,"column":17},"end":{"line":103,"column":18}},"38":{"start":{"line":104,"column":4},"end":{"line":110,"column":5}},"39":{"start":{"line":104,"column":17},"end":{"line":104,"column":18}},"40":{"start":{"line":105,"column":23},"end":{"line":105,"column":53}},"41":{"start":{"line":106,"column":27},"end":{"line":106,"column":67}},"42":{"start":{"line":107,"column":6},"end":{"line":109,"column":7}},"43":{"start":{"line":108,"column":8},"end":{"line":108,"column":20}},"44":{"start":{"line":113,"column":2},"end":{"line":113,"column":15}},"45":{"start":{"line":121,"column":41},"end":{"line":204,"column":1}},"46":{"start":{"line":122,"column":29},"end":{"line":122,"column":31}},"47":{"start":{"line":123,"column":14},"end":{"line":123,"column":15}},"48":{"start":{"line":126,"column":2},"end":{"line":132,"column":3}},"49":{"start":{"line":127,"column":4},"end":{"line":127,"column":15}},"50":{"start":{"line":128,"column":9},"end":{"line":132,"column":3}},"51":{"start":{"line":129,"column":4},"end":{"line":129,"column":15}},"52":{"start":{"line":131,"column":4},"end":{"line":131,"column":47}},"53":{"start":{"line":135,"column":21},"end":{"line":135,"column":22}},"54":{"start":{"line":136,"column":2},"end":{"line":136,"column":45}},"55":{"start":{"line":136,"column":30},"end":{"line":136,"column":45}},"56":{"start":{"line":137,"column":2},"end":{"line":137,"column":45}},"57":{"start":{"line":137,"column":30},"end":{"line":137,"column":45}},"58":{"start":{"line":138,"column":2},"end":{"line":138,"column":45}},"59":{"start":{"line":138,"column":30},"end":{"line":138,"column":45}},"60":{"start":{"line":139,"column":2},"end":{"line":139,"column":52}},"61":{"start":{"line":139,"column":37},"end":{"line":139,"column":52}},"62":{"start":{"line":141,"column":2},"end":{"line":141,"column":24}},"63":{"start":{"line":143,"column":2},"end":{"line":145,"column":3}},"64":{"start":{"line":144,"column":4},"end":{"line":144,"column":77}},"65":{"start":{"line":148,"column":18},"end":{"line":148,"column":44}},"66":{"start":{"line":149,"column":2},"end":{"line":154,"column":3}},"67":{"start":{"line":150,"column":4},"end":{"line":150,"column":15}},"68":{"start":{"line":151,"column":9},"end":{"line":154,"column":3}},"69":{"start":{"line":152,"column":4},"end":{"line":152,"column":15}},"70":{"start":{"line":153,"column":4},"end":{"line":153,"column":49}},"71":{"start":{"line":157,"column":2},"end":{"line":160,"column":3}},"72":{"start":{"line":158,"column":4},"end":{"line":158,"column":15}},"73":{"start":{"line":159,"column":4},"end":{"line":159,"column":44}},"74":{"start":{"line":162,"column":2},"end":{"line":165,"column":3}},"75":{"start":{"line":163,"column":4},"end":{"line":163,"column":15}},"76":{"start":{"line":164,"column":4},"end":{"line":164,"column":43}},"77":{"start":{"line":167,"column":2},"end":{"line":170,"column":3}},"78":{"start":{"line":168,"column":4},"end":{"line":168,"column":15}},"79":{"start":{"line":169,"column":4},"end":{"line":169,"column":45}},"80":{"start":{"line":172,"column":2},"end":{"line":175,"column":3}},"81":{"start":{"line":173,"column":4},"end":{"line":173,"column":15}},"82":{"start":{"line":174,"column":4},"end":{"line":174,"column":60}},"83":{"start":{"line":178,"column":2},"end":{"line":178,"column":42}},"84":{"start":{"line":182,"column":2},"end":{"line":192,"column":3}},"85":{"start":{"line":183,"column":4},"end":{"line":183,"column":24}},"86":{"start":{"line":184,"column":9},"end":{"line":192,"column":3}},"87":{"start":{"line":185,"column":4},"end":{"line":185,"column":19}},"88":{"start":{"line":186,"column":9},"end":{"line":192,"column":3}},"89":{"start":{"line":187,"column":4},"end":{"line":187,"column":19}},"90":{"start":{"line":188,"column":9},"end":{"line":192,"column":3}},"91":{"start":{"line":189,"column":4},"end":{"line":189,"column":19}},"92":{"start":{"line":191,"column":4},"end":{"line":191,"column":21}},"93":{"start":{"line":195,"column":2},"end":{"line":197,"column":3}},"94":{"start":{"line":196,"column":4},"end":{"line":196,"column":38}},"95":{"start":{"line":199,"column":2},"end":{"line":203,"column":4}},"96":{"start":{"line":211,"column":32},"end":{"line":226,"column":1}},"97":{"start":{"line":212,"column":2},"end":{"line":225,"column":3}},"98":{"start":{"line":214,"column":6},"end":{"line":214,"column":23}},"99":{"start":{"line":216,"column":6},"end":{"line":216,"column":23}},"100":{"start":{"line":218,"column":6},"end":{"line":218,"column":23}},"101":{"start":{"line":220,"column":6},"end":{"line":220,"column":23}},"102":{"start":{"line":222,"column":6},"end":{"line":222,"column":23}},"103":{"start":{"line":224,"column":6},"end":{"line":224,"column":23}},"104":{"start":{"line":233,"column":38},"end":{"line":248,"column":1}},"105":{"start":{"line":234,"column":2},"end":{"line":247,"column":3}},"106":{"start":{"line":236,"column":6},"end":{"line":236,"column":25}},"107":{"start":{"line":238,"column":6},"end":{"line":238,"column":20}},"108":{"start":{"line":240,"column":6},"end":{"line":240,"column":20}},"109":{"start":{"line":242,"column":6},"end":{"line":242,"column":20}},"110":{"start":{"line":244,"column":6},"end":{"line":244,"column":22}},"111":{"start":{"line":246,"column":6},"end":{"line":246,"column":23}}},"fnMap":{"0":{"name":"(anonymous_0)","decl":{"start":{"line":26,"column":29},"end":{"line":26,"column":30}},"loc":{"start":{"line":26,"column":59},"end":{"line":35,"column":1}},"line":26},"1":{"name":"(anonymous_1)","decl":{"start":{"line":42,"column":25},"end":{"line":42,"column":26}},"loc":{"start":{"line":42,"column":55},"end":{"line":46,"column":1}},"line":42},"2":{"name":"(anonymous_2)","decl":{"start":{"line":53,"column":26},"end":{"line":53,"column":27}},"loc":{"start":{"line":53,"column":57},"end":{"line":55,"column":1}},"line":53},"3":{"name":"(anonymous_3)","decl":{"start":{"line":54,"column":30},"end":{"line":54,"column":31}},"loc":{"start":{"line":54,"column":41},"end":{"line":54,"column":63}},"line":54},"4":{"name":"(anonymous_4)","decl":{"start":{"line":62,"column":25},"end":{"line":62,"column":26}},"loc":{"start":{"line":62,"column":56},"end":{"line":64,"column":1}},"line":62},"5":{"name":"(anonymous_5)","decl":{"start":{"line":71,"column":28},"end":{"line":71,"column":29}},"loc":{"start":{"line":71,"column":59},"end":{"line":87,"column":1}},"line":71},"6":{"name":"(anonymous_6)","decl":{"start":{"line":79,"column":31},"end":{"line":79,"column":32}},"loc":{"start":{"line":79,"column":42},"end":{"line":86,"column":3}},"line":79},"7":{"name":"(anonymous_7)","decl":{"start":{"line":94,"column":22},"end":{"line":94,"column":23}},"loc":{"start":{"line":94,"column":53},"end":{"line":114,"column":1}},"line":94},"8":{"name":"(anonymous_8)","decl":{"start":{"line":121,"column":41},"end":{"line":121,"column":42}},"loc":{"start":{"line":121,"column":81},"end":{"line":204,"column":1}},"line":121},"9":{"name":"(anonymous_9)","decl":{"start":{"line":211,"column":32},"end":{"line":211,"column":33}},"loc":{"start":{"line":211,"column":72},"end":{"line":226,"column":1}},"line":211},"10":{"name":"(anonymous_10)","decl":{"start":{"line":233,"column":38},"end":{"line":233,"column":39}},"loc":{"start":{"line":233,"column":78},"end":{"line":248,"column":1}},"line":233}},"branchMap":{"0":{"loc":{"start":{"line":29,"column":2},"end":{"line":29,"column":48}},"type":"if","locations":[{"start":{"line":29,"column":2},"end":{"line":29,"column":48}},{"start":{},"end":{}}],"line":29},"1":{"loc":{"start":{"line":30,"column":2},"end":{"line":30,"column":48}},"type":"if","locations":[{"start":{"line":30,"column":2},"end":{"line":30,"column":48}},{"start":{},"end":{}}],"line":30},"2":{"loc":{"start":{"line":31,"column":2},"end":{"line":31,"column":48}},"type":"if","locations":[{"start":{"line":31,"column":2},"end":{"line":31,"column":48}},{"start":{},"end":{}}],"line":31},"3":{"loc":{"start":{"line":32,"column":2},"end":{"line":32,"column":55}},"type":"if","locations":[{"start":{"line":32,"column":2},"end":{"line":32,"column":55}},{"start":{},"end":{}}],"line":32},"4":{"loc":{"start":{"line":81,"column":6},"end":{"line":83,"column":7}},"type":"if","locations":[{"start":{"line":81,"column":6},"end":{"line":83,"column":7}},{"start":{},"end":{}}],"line":81},"5":{"loc":{"start":{"line":97,"column":4},"end":{"line":99,"column":5}},"type":"if","locations":[{"start":{"line":97,"column":4},"end":{"line":99,"column":5}},{"start":{},"end":{}}],"line":97},"6":{"loc":{"start":{"line":97,"column":8},"end":{"line":97,"column":74}},"type":"binary-expr","locations":[{"start":{"line":97,"column":8},"end":{"line":97,"column":39}},{"start":{"line":97,"column":43},"end":{"line":97,"column":74}}],"line":97},"7":{"loc":{"start":{"line":107,"column":6},"end":{"line":109,"column":7}},"type":"if","locations":[{"start":{"line":107,"column":6},"end":{"line":109,"column":7}},{"start":{},"end":{}}],"line":107},"8":{"loc":{"start":{"line":126,"column":2},"end":{"line":132,"column":3}},"type":"if","locations":[{"start":{"line":126,"column":2},"end":{"line":132,"column":3}},{"start":{"line":128,"column":9},"end":{"line":132,"column":3}}],"line":126},"9":{"loc":{"start":{"line":128,"column":9},"end":{"line":132,"column":3}},"type":"if","locations":[{"start":{"line":128,"column":9},"end":{"line":132,"column":3}},{"start":{"line":130,"column":9},"end":{"line":132,"column":3}}],"line":128},"10":{"loc":{"start":{"line":136,"column":2},"end":{"line":136,"column":45}},"type":"if","locations":[{"start":{"line":136,"column":2},"end":{"line":136,"column":45}},{"start":{},"end":{}}],"line":136},"11":{"loc":{"start":{"line":137,"column":2},"end":{"line":137,"column":45}},"type":"if","locations":[{"start":{"line":137,"column":2},"end":{"line":137,"column":45}},{"start":{},"end":{}}],"line":137},"12":{"loc":{"start":{"line":138,"column":2},"end":{"line":138,"column":45}},"type":"if","locations":[{"start":{"line":138,"column":2},"end":{"line":138,"column":45}},{"start":{},"end":{}}],"line":138},"13":{"loc":{"start":{"line":139,"column":2},"end":{"line":139,"column":52}},"type":"if","locations":[{"start":{"line":139,"column":2},"end":{"line":139,"column":52}},{"start":{},"end":{}}],"line":139},"14":{"loc":{"start":{"line":143,"column":2},"end":{"line":145,"column":3}},"type":"if","locations":[{"start":{"line":143,"column":2},"end":{"line":145,"column":3}},{"start":{},"end":{}}],"line":143},"15":{"loc":{"start":{"line":149,"column":2},"end":{"line":154,"column":3}},"type":"if","locations":[{"start":{"line":149,"column":2},"end":{"line":154,"column":3}},{"start":{"line":151,"column":9},"end":{"line":154,"column":3}}],"line":149},"16":{"loc":{"start":{"line":151,"column":9},"end":{"line":154,"column":3}},"type":"if","locations":[{"start":{"line":151,"column":9},"end":{"line":154,"column":3}},{"start":{},"end":{}}],"line":151},"17":{"loc":{"start":{"line":157,"column":2},"end":{"line":160,"column":3}},"type":"if","locations":[{"start":{"line":157,"column":2},"end":{"line":160,"column":3}},{"start":{},"end":{}}],"line":157},"18":{"loc":{"start":{"line":162,"column":2},"end":{"line":165,"column":3}},"type":"if","locations":[{"start":{"line":162,"column":2},"end":{"line":165,"column":3}},{"start":{},"end":{}}],"line":162},"19":{"loc":{"start":{"line":167,"column":2},"end":{"line":170,"column":3}},"type":"if","locations":[{"start":{"line":167,"column":2},"end":{"line":170,"column":3}},{"start":{},"end":{}}],"line":167},"20":{"loc":{"start":{"line":172,"column":2},"end":{"line":175,"column":3}},"type":"if","locations":[{"start":{"line":172,"column":2},"end":{"line":175,"column":3}},{"start":{},"end":{}}],"line":172},"21":{"loc":{"start":{"line":182,"column":2},"end":{"line":192,"column":3}},"type":"if","locations":[{"start":{"line":182,"column":2},"end":{"line":192,"column":3}},{"start":{"line":184,"column":9},"end":{"line":192,"column":3}}],"line":182},"22":{"loc":{"start":{"line":184,"column":9},"end":{"line":192,"column":3}},"type":"if","locations":[{"start":{"line":184,"column":9},"end":{"line":192,"column":3}},{"start":{"line":186,"column":9},"end":{"line":192,"column":3}}],"line":184},"23":{"loc":{"start":{"line":186,"column":9},"end":{"line":192,"column":3}},"type":"if","locations":[{"start":{"line":186,"column":9},"end":{"line":192,"column":3}},{"start":{"line":188,"column":9},"end":{"line":192,"column":3}}],"line":186},"24":{"loc":{"start":{"line":188,"column":9},"end":{"line":192,"column":3}},"type":"if","locations":[{"start":{"line":188,"column":9},"end":{"line":192,"column":3}},{"start":{"line":190,"column":9},"end":{"line":192,"column":3}}],"line":188},"25":{"loc":{"start":{"line":195,"column":2},"end":{"line":197,"column":3}},"type":"if","locations":[{"start":{"line":195,"column":2},"end":{"line":197,"column":3}},{"start":{},"end":{}}],"line":195},"26":{"loc":{"start":{"line":195,"column":6},"end":{"line":195,"column":41}},"type":"binary-expr","locations":[{"start":{"line":195,"column":6},"end":{"line":195,"column":16}},{"start":{"line":195,"column":20},"end":{"line":195,"column":41}}],"line":195},"27":{"loc":{"start":{"line":212,"column":2},"end":{"line":225,"column":3}},"type":"switch","locations":[{"start":{"line":213,"column":4},"end":{"line":214,"column":23}},{"start":{"line":215,"column":4},"end":{"line":216,"column":23}},{"start":{"line":217,"column":4},"end":{"line":218,"column":23}},{"start":{"line":219,"column":4},"end":{"line":220,"column":23}},{"start":{"line":221,"column":4},"end":{"line":222,"column":23}},{"start":{"line":223,"column":4},"end":{"line":224,"column":23}}],"line":212},"28":{"loc":{"start":{"line":234,"column":2},"end":{"line":247,"column":3}},"type":"switch","locations":[{"start":{"line":235,"column":4},"end":{"line":236,"column":25}},{"start":{"line":237,"column":4},"end":{"line":238,"column":20}},{"start":{"line":239,"column":4},"end":{"line":240,"column":20}},{"start":{"line":241,"column":4},"end":{"line":242,"column":20}},{"start":{"line":243,"column":4},"end":{"line":244,"column":22}},{"start":{"line":245,"column":4},"end":{"line":246,"column":23}}],"line":234}},"s":{"0":3,"1":3,"2":3,"3":128,"4":128,"5":118,"6":128,"7":96,"8":128,"9":102,"10":128,"11":92,"12":128,"13":3,"14":128,"15":128,"16":128,"17":3,"18":128,"19":787,"20":3,"21":128,"22":3,"23":128,"24":128,"25":128,"26":716,"27":716,"28":7005,"29":20,"30":696,"31":3,"32":128,"33":128,"34":943,"35":68,"36":60,"37":60,"38":304,"39":304,"40":2197,"41":2197,"42":2197,"43":6,"44":54,"45":3,"46":128,"47":128,"48":128,"49":93,"50":35,"51":24,"52":11,"53":128,"54":128,"55":118,"56":128,"57":96,"58":128,"59":102,"60":128,"61":92,"62":128,"63":128,"64":34,"65":128,"66":128,"67":90,"68":38,"69":9,"70":9,"71":128,"72":5,"73":5,"74":128,"75":34,"76":34,"77":128,"78":20,"79":20,"80":128,"81":74,"82":74,"83":128,"84":128,"85":26,"86":102,"87":3,"88":99,"89":3,"90":96,"91":4,"92":92,"93":128,"94":26,"95":128,"96":3,"97":5,"98":1,"99":1,"100":1,"101":1,"102":1,"103":0,"104":3,"105":5,"106":1,"107":1,"108":1,"109":1,"110":1,"111":0},"f":{"0":128,"1":128,"2":128,"3":787,"4":128,"5":128,"6":716,"7":128,"8":128,"9":5,"10":5},"b":{"0":[118,10],"1":[96,32],"2":[102,26],"3":[92,36],"4":[20,6985],"5":[68,875],"6":[943,78],"7":[6,2191],"8":[93,35],"9":[24,11],"10":[118,10],"11":[96,32],"12":[102,26],"13":[92,36],"14":[34,94],"15":[90,38],"16":[9,29],"17":[5,123],"18":[34,94],"19":[20,108],"20":[74,54],"21":[26,102],"22":[3,99],"23":[3,96],"24":[4,92],"25":[26,102],"26":[128,96],"27":[1,1,1,1,1,0],"28":[1,1,1,1,1,0]},"_coverageSchema":"1a1c01bbd47fc00a2c39e90264f33305004495a9","hash":"191b39b96d1f34b80a3cda9ca83aef805e246ca8"}
,"/home/cssong/workspace/password-generator/src/utils/types.ts": {"path":"/home/cssong/workspace/password-generator/src/utils/types.ts","statementMap":{},"fnMap":{},"branchMap":{},"s":{},"f":{},"b":{}}
}
