{"/home/cssong/workspace/password-generator/src/components/CharacterTypeOptions.tsx": {"path":"/home/cssong/workspace/password-generator/src/components/CharacterTypeOptions.tsx","statementMap":{"0":{"start":{"line":18,"column":39},"end":{"line":39,"column":1}},"1":{"start":{"line":41,"column":38},"end":{"line":52,"column":1}},"2":{"start":{"line":54,"column":73},"end":{"line":116,"column":1}},"3":{"start":{"line":59,"column":23},"end":{"line":64,"column":3}},"4":{"start":{"line":60,"column":4},"end":{"line":63,"column":7}},"5":{"start":{"line":66,"column":27},"end":{"line":101,"column":3}},"6":{"start":{"line":67,"column":22},"end":{"line":67,"column":48}},"7":{"start":{"line":69,"column":4},"end":{"line":100,"column":6}},"8":{"start":{"line":73,"column":23},"end":{"line":73,"column":45}},"9":{"start":{"line":103,"column":2},"end":{"line":115,"column":4}},"10":{"start":{"line":118,"column":15},"end":{"line":196,"column":2}}},"fnMap":{"0":{"name":"(anonymous_0)","decl":{"start":{"line":54,"column":73},"end":{"line":54,"column":74}},"loc":{"start":{"line":58,"column":6},"end":{"line":116,"column":1}},"line":58},"1":{"name":"(anonymous_1)","decl":{"start":{"line":59,"column":23},"end":{"line":59,"column":24}},"loc":{"start":{"line":59,"column":56},"end":{"line":64,"column":3}},"line":59},"2":{"name":"(anonymous_2)","decl":{"start":{"line":66,"column":27},"end":{"line":66,"column":28}},"loc":{"start":{"line":66,"column":49},"end":{"line":101,"column":3}},"line":66},"3":{"name":"(anonymous_3)","decl":{"start":{"line":73,"column":17},"end":{"line":73,"column":18}},"loc":{"start":{"line":73,"column":23},"end":{"line":73,"column":45}},"line":73}},"branchMap":{"0":{"loc":{"start":{"line":72,"column":35},"end":{"line":72,"column":71}},"type":"binary-expr","locations":[{"start":{"line":72,"column":35},"end":{"line":72,"column":44}},{"start":{"line":72,"column":48},"end":{"line":72,"column":71}}],"line":72},"1":{"loc":{"start":{"line":81,"column":16},"end":{"line":81,"column":53}},"type":"binary-expr","locations":[{"start":{"line":81,"column":16},"end":{"line":81,"column":25}},{"start":{"line":81,"column":29},"end":{"line":81,"column":53}}],"line":81},"2":{"loc":{"start":{"line":86,"column":43},"end":{"line":86,"column":77}},"type":"binary-expr","locations":[{"start":{"line":86,"column":43},"end":{"line":86,"column":52}},{"start":{"line":86,"column":56},"end":{"line":86,"column":77}}],"line":86},"3":{"loc":{"start":{"line":87,"column":15},"end":{"line":87,"column":67}},"type":"binary-expr","locations":[{"start":{"line":87,"column":15},"end":{"line":87,"column":24}},{"start":{"line":87,"column":28},"end":{"line":87,"column":67}}],"line":87},"4":{"loc":{"start":{"line":93,"column":14},"end":{"line":93,"column":57}},"type":"binary-expr","locations":[{"start":{"line":93,"column":14},"end":{"line":93,"column":23}},{"start":{"line":93,"column":27},"end":{"line":93,"column":57}}],"line":93}},"s":{"0":0,"1":0,"2":0,"3":0,"4":0,"5":0,"6":0,"7":0,"8":0,"9":0,"10":0},"f":{"0":0,"1":0,"2":0,"3":0},"b":{"0":[0,0],"1":[0,0],"2":[0,0],"3":[0,0],"4":[0,0]}}
,"/home/cssong/workspace/password-generator/src/components/GenerateButton.tsx": {"path":"/home/cssong/workspace/password-generator/src/components/GenerateButton.tsx","statementMap":{"0":{"start":{"line":20,"column":61},"end":{"line":60,"column":1}},"1":{"start":{"line":27,"column":22},"end":{"line":38,"column":3}},"2":{"start":{"line":28,"column":4},"end":{"line":28,"column":36}},"3":{"start":{"line":28,"column":29},"end":{"line":28,"column":36}},"4":{"start":{"line":31,"column":4},"end":{"line":35,"column":5}},"5":{"start":{"line":32,"column":6},"end":{"line":32,"column":68}},"6":{"start":{"line":34,"column":6},"end":{"line":34,"column":67}},"7":{"start":{"line":37,"column":4},"end":{"line":37,"column":14}},"8":{"start":{"line":40,"column":21},"end":{"line":40,"column":40}},"9":{"start":{"line":42,"column":2},"end":{"line":59,"column":4}},"10":{"start":{"line":62,"column":15},"end":{"line":94,"column":2}}},"fnMap":{"0":{"name":"(anonymous_0)","decl":{"start":{"line":20,"column":61},"end":{"line":20,"column":62}},"loc":{"start":{"line":26,"column":6},"end":{"line":60,"column":1}},"line":26},"1":{"name":"(anonymous_1)","decl":{"start":{"line":27,"column":22},"end":{"line":27,"column":23}},"loc":{"start":{"line":27,"column":34},"end":{"line":38,"column":3}},"line":27}},"branchMap":{"0":{"loc":{"start":{"line":22,"column":2},"end":{"line":22,"column":17}},"type":"default-arg","locations":[{"start":{"line":22,"column":12},"end":{"line":22,"column":17}}],"line":22},"1":{"loc":{"start":{"line":23,"column":2},"end":{"line":23,"column":18}},"type":"default-arg","locations":[{"start":{"line":23,"column":13},"end":{"line":23,"column":18}}],"line":23},"2":{"loc":{"start":{"line":24,"column":2},"end":{"line":24,"column":29}},"type":"default-arg","locations":[{"start":{"line":24,"column":10},"end":{"line":24,"column":29}}],"line":24},"3":{"loc":{"start":{"line":28,"column":4},"end":{"line":28,"column":36}},"type":"if","locations":[{"start":{"line":28,"column":4},"end":{"line":28,"column":36}},{"start":{},"end":{}}],"line":28},"4":{"loc":{"start":{"line":28,"column":8},"end":{"line":28,"column":27}},"type":"binary-expr","locations":[{"start":{"line":28,"column":8},"end":{"line":28,"column":15}},{"start":{"line":28,"column":19},"end":{"line":28,"column":27}}],"line":28},"5":{"loc":{"start":{"line":31,"column":4},"end":{"line":35,"column":5}},"type":"if","locations":[{"start":{"line":31,"column":4},"end":{"line":35,"column":5}},{"start":{"line":33,"column":11},"end":{"line":35,"column":5}}],"line":31},"6":{"loc":{"start":{"line":40,"column":21},"end":{"line":40,"column":40}},"type":"binary-expr","locations":[{"start":{"line":40,"column":21},"end":{"line":40,"column":28}},{"start":{"line":40,"column":32},"end":{"line":40,"column":40}}],"line":40},"7":{"loc":{"start":{"line":44,"column":29},"end":{"line":44,"column":64}},"type":"binary-expr","locations":[{"start":{"line":44,"column":29},"end":{"line":44,"column":39}},{"start":{"line":44,"column":43},"end":{"line":44,"column":64}}],"line":44},"8":{"loc":{"start":{"line":49,"column":7},"end":{"line":57,"column":7}},"type":"cond-expr","locations":[{"start":{"line":50,"column":8},"end":{"line":50,"column":63}},{"start":{"line":52,"column":8},"end":{"line":56,"column":15}}],"line":49},"9":{"loc":{"start":{"line":53,"column":37},"end":{"line":53,"column":76}},"type":"binary-expr","locations":[{"start":{"line":53,"column":37},"end":{"line":53,"column":47}},{"start":{"line":53,"column":51},"end":{"line":53,"column":76}}],"line":53}},"s":{"0":0,"1":0,"2":0,"3":0,"4":0,"5":0,"6":0,"7":0,"8":0,"9":0,"10":0},"f":{"0":0,"1":0},"b":{"0":[0],"1":[0],"2":[0],"3":[0,0],"4":[0,0],"5":[0,0],"6":[0,0],"7":[0,0],"8":[0,0],"9":[0,0]}}
,"/home/cssong/workspace/password-generator/src/components/LengthSlider.tsx": {"path":"/home/cssong/workspace/password-generator/src/components/LengthSlider.tsx","statementMap":{"0":{"start":{"line":14,"column":57},"end":{"line":47,"column":1}},"1":{"start":{"line":21,"column":2},"end":{"line":46,"column":4}},"2":{"start":{"line":49,"column":15},"end":{"line":95,"column":2}}},"fnMap":{"0":{"name":"(anonymous_0)","decl":{"start":{"line":14,"column":57},"end":{"line":14,"column":58}},"loc":{"start":{"line":20,"column":6},"end":{"line":47,"column":1}},"line":20}},"branchMap":{"0":{"loc":{"start":{"line":17,"column":2},"end":{"line":17,"column":18}},"type":"default-arg","locations":[{"start":{"line":17,"column":17},"end":{"line":17,"column":18}}],"line":17},"1":{"loc":{"start":{"line":18,"column":2},"end":{"line":18,"column":19}},"type":"default-arg","locations":[{"start":{"line":18,"column":17},"end":{"line":18,"column":19}}],"line":18}},"s":{"0":0,"1":0,"2":0},"f":{"0":0},"b":{"0":[0],"1":[0]}}
,"/home/cssong/workspace/password-generator/src/components/PasswordDisplay.tsx": {"path":"/home/cssong/workspace/password-generator/src/components/PasswordDisplay.tsx","statementMap":{"0":{"start":{"line":20,"column":63},"end":{"line":66,"column":1}},"1":{"start":{"line":25,"column":21},"end":{"line":47,"column":3}},"2":{"start":{"line":26,"column":4},"end":{"line":46,"column":5}},"3":{"start":{"line":27,"column":6},"end":{"line":27,"column":47}},"4":{"start":{"line":30,"column":6},"end":{"line":36,"column":7}},"5":{"start":{"line":31,"column":8},"end":{"line":33,"column":10}},"6":{"start":{"line":35,"column":8},"end":{"line":35,"column":69}},"7":{"start":{"line":39,"column":6},"end":{"line":39,"column":79}},"8":{"start":{"line":42,"column":6},"end":{"line":42,"column":17}},"9":{"start":{"line":44,"column":6},"end":{"line":44,"column":55}},"10":{"start":{"line":45,"column":6},"end":{"line":45,"column":67}},"11":{"start":{"line":49,"column":2},"end":{"line":65,"column":4}},"12":{"start":{"line":68,"column":15},"end":{"line":112,"column":2}}},"fnMap":{"0":{"name":"(anonymous_0)","decl":{"start":{"line":20,"column":63},"end":{"line":20,"column":64}},"loc":{"start":{"line":24,"column":6},"end":{"line":66,"column":1}},"line":24},"1":{"name":"(anonymous_1)","decl":{"start":{"line":25,"column":21},"end":{"line":25,"column":22}},"loc":{"start":{"line":25,"column":33},"end":{"line":47,"column":3}},"line":25}},"branchMap":{"0":{"loc":{"start":{"line":30,"column":6},"end":{"line":36,"column":7}},"type":"if","locations":[{"start":{"line":30,"column":6},"end":{"line":36,"column":7}},{"start":{"line":34,"column":13},"end":{"line":36,"column":7}}],"line":30},"1":{"loc":{"start":{"line":58,"column":11},"end":{"line":58,"column":60}},"type":"binary-expr","locations":[{"start":{"line":58,"column":11},"end":{"line":58,"column":19}},{"start":{"line":58,"column":23},"end":{"line":58,"column":60}}],"line":58},"2":{"loc":{"start":{"line":97,"column":16},"end":{"line":97,"column":61}},"type":"cond-expr","locations":[{"start":{"line":97,"column":40},"end":{"line":97,"column":47}},{"start":{"line":97,"column":50},"end":{"line":97,"column":61}}],"line":97}},"s":{"0":0,"1":0,"2":0,"3":0,"4":0,"5":0,"6":0,"7":0,"8":0,"9":0,"10":0,"11":0,"12":0},"f":{"0":0,"1":0},"b":{"0":[0,0],"1":[0,0],"2":[0,0]}}
,"/home/cssong/workspace/password-generator/src/components/PasswordStrengthBar.tsx": {"path":"/home/cssong/workspace/password-generator/src/components/PasswordStrengthBar.tsx","statementMap":{"0":{"start":{"line":11,"column":25},"end":{"line":26,"column":1}},"1":{"start":{"line":12,"column":2},"end":{"line":25,"column":3}},"2":{"start":{"line":14,"column":6},"end":{"line":14,"column":25}},"3":{"start":{"line":16,"column":6},"end":{"line":16,"column":20}},"4":{"start":{"line":18,"column":6},"end":{"line":18,"column":20}},"5":{"start":{"line":20,"column":6},"end":{"line":20,"column":20}},"6":{"start":{"line":22,"column":6},"end":{"line":22,"column":22}},"7":{"start":{"line":24,"column":6},"end":{"line":24,"column":23}},"8":{"start":{"line":28,"column":71},"end":{"line":67,"column":1}},"9":{"start":{"line":32,"column":24},"end":{"line":32,"column":56}},"10":{"start":{"line":33,"column":24},"end":{"line":33,"column":64}},"11":{"start":{"line":35,"column":2},"end":{"line":66,"column":4}},"12":{"start":{"line":59,"column":12},"end":{"line":61,"column":19}},"13":{"start":{"line":69,"column":15},"end":{"line":106,"column":2}}},"fnMap":{"0":{"name":"(anonymous_0)","decl":{"start":{"line":11,"column":25},"end":{"line":11,"column":26}},"loc":{"start":{"line":11,"column":52},"end":{"line":26,"column":1}},"line":11},"1":{"name":"(anonymous_1)","decl":{"start":{"line":28,"column":71},"end":{"line":28,"column":72}},"loc":{"start":{"line":31,"column":6},"end":{"line":67,"column":1}},"line":31},"2":{"name":"(anonymous_2)","decl":{"start":{"line":58,"column":33},"end":{"line":58,"column":34}},"loc":{"start":{"line":59,"column":12},"end":{"line":61,"column":19}},"line":59}},"branchMap":{"0":{"loc":{"start":{"line":12,"column":2},"end":{"line":25,"column":3}},"type":"switch","locations":[{"start":{"line":13,"column":4},"end":{"line":14,"column":25}},{"start":{"line":15,"column":4},"end":{"line":16,"column":20}},{"start":{"line":17,"column":4},"end":{"line":18,"column":20}},{"start":{"line":19,"column":4},"end":{"line":20,"column":20}},{"start":{"line":21,"column":4},"end":{"line":22,"column":22}},{"start":{"line":23,"column":4},"end":{"line":24,"column":23}}],"line":12},"1":{"loc":{"start":{"line":56,"column":7},"end":{"line":64,"column":7}},"type":"binary-expr","locations":[{"start":{"line":56,"column":7},"end":{"line":56,"column":35}},{"start":{"line":57,"column":8},"end":{"line":63,"column":15}}],"line":56}},"s":{"0":0,"1":0,"2":0,"3":0,"4":0,"5":0,"6":0,"7":0,"8":0,"9":0,"10":0,"11":0,"12":0,"13":0},"f":{"0":0,"1":0,"2":0},"b":{"0":[0,0,0,0,0,0],"1":[0,0]}}
,"/home/cssong/workspace/password-generator/src/screens/GeneratorScreen.tsx": {"path":"/home/cssong/workspace/password-generator/src/screens/GeneratorScreen.tsx","statementMap":{"0":{"start":{"line":17,"column":32},"end":{"line":17,"column":75}},"1":{"start":{"line":19,"column":4},"end":{"line":19,"column":44}},"2":{"start":{"line":20,"column":32},"end":{"line":20,"column":47}},"3":{"start":{"line":22,"column":33},"end":{"line":51,"column":15}},"4":{"start":{"line":23,"column":4},"end":{"line":50,"column":5}},"5":{"start":{"line":24,"column":6},"end":{"line":24,"column":23}},"6":{"start":{"line":27,"column":6},"end":{"line":39,"column":7}},"7":{"start":{"line":33,"column":8},"end":{"line":37,"column":10}},"8":{"start":{"line":38,"column":8},"end":{"line":38,"column":15}},"9":{"start":{"line":41,"column":21},"end":{"line":41,"column":58}},"10":{"start":{"line":42,"column":6},"end":{"line":42,"column":35}},"11":{"start":{"line":44,"column":6},"end":{"line":44,"column":57}},"12":{"start":{"line":45,"column":6},"end":{"line":47,"column":9}},"13":{"start":{"line":49,"column":6},"end":{"line":49,"column":24}},"14":{"start":{"line":53,"column":29},"end":{"line":55,"column":3}},"15":{"start":{"line":54,"column":4},"end":{"line":54,"column":48}},"16":{"start":{"line":54,"column":26},"end":{"line":54,"column":45}},"17":{"start":{"line":57,"column":30},"end":{"line":59,"column":3}},"18":{"start":{"line":58,"column":4},"end":{"line":58,"column":27}},"19":{"start":{"line":61,"column":29},"end":{"line":64,"column":3}},"20":{"start":{"line":63,"column":4},"end":{"line":63,"column":48}},"21":{"start":{"line":67,"column":2},"end":{"line":73,"column":4}},"22":{"start":{"line":69,"column":6},"end":{"line":71,"column":7}},"23":{"start":{"line":70,"column":8},"end":{"line":70,"column":33}},"24":{"start":{"line":75,"column":2},"end":{"line":117,"column":4}},"25":{"start":{"line":120,"column":15},"end":{"line":139,"column":2}}},"fnMap":{"0":{"name":"GeneratorScreen","decl":{"start":{"line":16,"column":24},"end":{"line":16,"column":39}},"loc":{"start":{"line":16,"column":42},"end":{"line":118,"column":1}},"line":16},"1":{"name":"(anonymous_1)","decl":{"start":{"line":22,"column":45},"end":{"line":22,"column":46}},"loc":{"start":{"line":22,"column":57},"end":{"line":51,"column":3}},"line":22},"2":{"name":"(anonymous_2)","decl":{"start":{"line":53,"column":29},"end":{"line":53,"column":30}},"loc":{"start":{"line":53,"column":49},"end":{"line":55,"column":3}},"line":53},"3":{"name":"(anonymous_3)","decl":{"start":{"line":54,"column":15},"end":{"line":54,"column":16}},"loc":{"start":{"line":54,"column":26},"end":{"line":54,"column":45}},"line":54},"4":{"name":"(anonymous_4)","decl":{"start":{"line":57,"column":30},"end":{"line":57,"column":31}},"loc":{"start":{"line":57,"column":64},"end":{"line":59,"column":3}},"line":57},"5":{"name":"(anonymous_5)","decl":{"start":{"line":61,"column":29},"end":{"line":61,"column":30}},"loc":{"start":{"line":61,"column":35},"end":{"line":64,"column":3}},"line":61},"6":{"name":"(anonymous_6)","decl":{"start":{"line":68,"column":16},"end":{"line":68,"column":17}},"loc":{"start":{"line":68,"column":22},"end":{"line":72,"column":5}},"line":68}},"branchMap":{"0":{"loc":{"start":{"line":27,"column":6},"end":{"line":39,"column":7}},"type":"if","locations":[{"start":{"line":27,"column":6},"end":{"line":39,"column":7}},{"start":{},"end":{}}],"line":27},"1":{"loc":{"start":{"line":28,"column":8},"end":{"line":31,"column":31}},"type":"binary-expr","locations":[{"start":{"line":28,"column":8},"end":{"line":28,"column":33}},{"start":{"line":29,"column":8},"end":{"line":29,"column":33}},{"start":{"line":30,"column":8},"end":{"line":30,"column":31}},{"start":{"line":31,"column":8},"end":{"line":31,"column":31}}],"line":28},"2":{"loc":{"start":{"line":69,"column":6},"end":{"line":71,"column":7}},"type":"if","locations":[{"start":{"line":69,"column":6},"end":{"line":71,"column":7}},{"start":{},"end":{}}],"line":69},"3":{"loc":{"start":{"line":83,"column":20},"end":{"line":83,"column":53}},"type":"binary-expr","locations":[{"start":{"line":83,"column":20},"end":{"line":83,"column":47}},{"start":{"line":83,"column":51},"end":{"line":83,"column":53}}],"line":83},"4":{"loc":{"start":{"line":88,"column":9},"end":{"line":93,"column":9}},"type":"binary-expr","locations":[{"start":{"line":88,"column":9},"end":{"line":88,"column":26}},{"start":{"line":89,"column":10},"end":{"line":92,"column":12}}],"line":88},"5":{"loc":{"start":{"line":111,"column":12},"end":{"line":111,"column":75}},"type":"cond-expr","locations":[{"start":{"line":111,"column":32},"end":{"line":111,"column":53}},{"start":{"line":111,"column":56},"end":{"line":111,"column":75}}],"line":111}},"s":{"0":0,"1":0,"2":0,"3":0,"4":0,"5":0,"6":0,"7":0,"8":0,"9":0,"10":0,"11":0,"12":0,"13":0,"14":0,"15":0,"16":0,"17":0,"18":0,"19":0,"20":0,"21":0,"22":0,"23":0,"24":0,"25":0},"f":{"0":0,"1":0,"2":0,"3":0,"4":0,"5":0,"6":0},"b":{"0":[0,0],"1":[0,0,0,0],"2":[0,0],"3":[0,0],"4":[0,0],"5":[0,0]}}
,"/home/cssong/workspace/password-generator/src/screens/HistoryScreen.tsx": {"path":"/home/cssong/workspace/password-generator/src/screens/HistoryScreen.tsx","statementMap":{"0":{"start":{"line":5,"column":2},"end":{"line":10,"column":4}},"1":{"start":{"line":13,"column":15},"end":{"line":29,"column":2}}},"fnMap":{"0":{"name":"HistoryScreen","decl":{"start":{"line":4,"column":24},"end":{"line":4,"column":37}},"loc":{"start":{"line":4,"column":40},"end":{"line":11,"column":1}},"line":4}},"branchMap":{},"s":{"0":0,"1":0},"f":{"0":0},"b":{}}
,"/home/cssong/workspace/password-generator/src/screens/SettingsScreen.tsx": {"path":"/home/cssong/workspace/password-generator/src/screens/SettingsScreen.tsx","statementMap":{"0":{"start":{"line":5,"column":2},"end":{"line":10,"column":4}},"1":{"start":{"line":13,"column":15},"end":{"line":29,"column":2}}},"fnMap":{"0":{"name":"SettingsScreen","decl":{"start":{"line":4,"column":24},"end":{"line":4,"column":38}},"loc":{"start":{"line":4,"column":41},"end":{"line":11,"column":1}},"line":4}},"branchMap":{},"s":{"0":0,"1":0},"f":{"0":0},"b":{}}
,"/home/cssong/workspace/password-generator/src/utils/colors.ts": {"path":"/home/cssong/workspace/password-generator/src/utils/colors.ts","statementMap":{"0":{"start":{"line":5,"column":22},"end":{"line":63,"column":10}},"1":{"start":{"line":68,"column":26},"end":{"line":79,"column":10}},"2":{"start":{"line":84,"column":32},"end":{"line":99,"column":1}},"3":{"start":{"line":85,"column":2},"end":{"line":98,"column":3}},"4":{"start":{"line":87,"column":6},"end":{"line":87,"column":37}},"5":{"start":{"line":89,"column":6},"end":{"line":89,"column":33}},"6":{"start":{"line":91,"column":6},"end":{"line":91,"column":33}},"7":{"start":{"line":93,"column":6},"end":{"line":93,"column":33}},"8":{"start":{"line":95,"column":6},"end":{"line":95,"column":35}},"9":{"start":{"line":97,"column":6},"end":{"line":97,"column":28}}},"fnMap":{"0":{"name":"(anonymous_0)","decl":{"start":{"line":84,"column":32},"end":{"line":84,"column":33}},"loc":{"start":{"line":84,"column":59},"end":{"line":99,"column":1}},"line":84}},"branchMap":{"0":{"loc":{"start":{"line":85,"column":2},"end":{"line":98,"column":3}},"type":"switch","locations":[{"start":{"line":86,"column":4},"end":{"line":87,"column":37}},{"start":{"line":88,"column":4},"end":{"line":89,"column":33}},{"start":{"line":90,"column":4},"end":{"line":91,"column":33}},{"start":{"line":92,"column":4},"end":{"line":93,"column":33}},{"start":{"line":94,"column":4},"end":{"line":95,"column":35}},{"start":{"line":96,"column":4},"end":{"line":97,"column":28}}],"line":85}},"s":{"0":0,"1":0,"2":0,"3":0,"4":0,"5":0,"6":0,"7":0,"8":0,"9":0},"f":{"0":0},"b":{"0":[0,0,0,0,0,0]}}
,"/home/cssong/workspace/password-generator/src/utils/passwordGenerator.ts": {"path":"/home/cssong/workspace/password-generator/src/utils/passwordGenerator.ts","statementMap":{"0":{"start":{"line":6,"column":18},"end":{"line":6,"column":46}},"1":{"start":{"line":7,"column":18},"end":{"line":7,"column":46}},"2":{"start":{"line":8,"column":16},"end":{"line":8,"column":28}},"3":{"start":{"line":9,"column":16},"end":{"line":9,"column":44}},"4":{"start":{"line":12,"column":22},"end":{"line":17,"column":1}},"5":{"start":{"line":24,"column":24},"end":{"line":72,"column":1}},"6":{"start":{"line":25,"column":16},"end":{"line":25,"column":18}},"7":{"start":{"line":27,"column":2},"end":{"line":36,"column":3}},"8":{"start":{"line":28,"column":19},"end":{"line":28,"column":28}},"9":{"start":{"line":29,"column":4},"end":{"line":34,"column":5}},"10":{"start":{"line":30,"column":6},"end":{"line":33,"column":8}},"11":{"start":{"line":35,"column":4},"end":{"line":35,"column":24}},"12":{"start":{"line":38,"column":2},"end":{"line":47,"column":3}},"13":{"start":{"line":39,"column":19},"end":{"line":39,"column":28}},"14":{"start":{"line":40,"column":4},"end":{"line":45,"column":5}},"15":{"start":{"line":41,"column":6},"end":{"line":44,"column":8}},"16":{"start":{"line":46,"column":4},"end":{"line":46,"column":24}},"17":{"start":{"line":49,"column":2},"end":{"line":58,"column":3}},"18":{"start":{"line":50,"column":20},"end":{"line":50,"column":27}},"19":{"start":{"line":51,"column":4},"end":{"line":56,"column":5}},"20":{"start":{"line":52,"column":6},"end":{"line":55,"column":8}},"21":{"start":{"line":57,"column":4},"end":{"line":57,"column":25}},"22":{"start":{"line":60,"column":2},"end":{"line":69,"column":3}},"23":{"start":{"line":61,"column":20},"end":{"line":61,"column":27}},"24":{"start":{"line":62,"column":4},"end":{"line":67,"column":5}},"25":{"start":{"line":63,"column":6},"end":{"line":66,"column":8}},"26":{"start":{"line":68,"column":4},"end":{"line":68,"column":25}},"27":{"start":{"line":71,"column":2},"end":{"line":71,"column":17}},"28":{"start":{"line":80,"column":29},"end":{"line":137,"column":1}},"29":{"start":{"line":84,"column":16},"end":{"line":84,"column":34}},"30":{"start":{"line":85,"column":20},"end":{"line":87,"column":4}},"31":{"start":{"line":88,"column":17},"end":{"line":88,"column":18}},"32":{"start":{"line":91,"column":2},"end":{"line":101,"column":3}},"33":{"start":{"line":95,"column":21},"end":{"line":97,"column":17}},"34":{"start":{"line":99,"column":6},"end":{"line":99,"column":64}},"35":{"start":{"line":100,"column":4},"end":{"line":100,"column":46}},"36":{"start":{"line":104,"column":2},"end":{"line":114,"column":3}},"37":{"start":{"line":108,"column":21},"end":{"line":110,"column":17}},"38":{"start":{"line":112,"column":6},"end":{"line":112,"column":64}},"39":{"start":{"line":113,"column":4},"end":{"line":113,"column":46}},"40":{"start":{"line":117,"column":2},"end":{"line":124,"column":3}},"41":{"start":{"line":118,"column":22},"end":{"line":120,"column":15}},"42":{"start":{"line":122,"column":6},"end":{"line":122,"column":66}},"43":{"start":{"line":123,"column":4},"end":{"line":123,"column":46}},"44":{"start":{"line":127,"column":2},"end":{"line":134,"column":3}},"45":{"start":{"line":128,"column":22},"end":{"line":130,"column":15}},"46":{"start":{"line":132,"column":6},"end":{"line":132,"column":66}},"47":{"start":{"line":133,"column":4},"end":{"line":133,"column":46}},"48":{"start":{"line":136,"column":2},"end":{"line":136,"column":24}},"49":{"start":{"line":144,"column":26},"end":{"line":151,"column":1}},"50":{"start":{"line":145,"column":2},"end":{"line":149,"column":3}},"51":{"start":{"line":145,"column":15},"end":{"line":145,"column":16}},"52":{"start":{"line":146,"column":4},"end":{"line":148,"column":5}},"53":{"start":{"line":147,"column":6},"end":{"line":147,"column":18}},"54":{"start":{"line":150,"column":2},"end":{"line":150,"column":15}},"55":{"start":{"line":158,"column":38},"end":{"line":228,"column":1}},"56":{"start":{"line":161,"column":20},"end":{"line":161,"column":30}},"57":{"start":{"line":164,"column":2},"end":{"line":166,"column":3}},"58":{"start":{"line":165,"column":4},"end":{"line":165,"column":75}},"59":{"start":{"line":168,"column":2},"end":{"line":175,"column":3}},"60":{"start":{"line":174,"column":4},"end":{"line":174,"column":68}},"61":{"start":{"line":177,"column":18},"end":{"line":177,"column":42}},"62":{"start":{"line":179,"column":2},"end":{"line":181,"column":3}},"63":{"start":{"line":180,"column":4},"end":{"line":180,"column":74}},"64":{"start":{"line":183,"column":17},"end":{"line":183,"column":19}},"65":{"start":{"line":184,"column":17},"end":{"line":184,"column":18}},"66":{"start":{"line":185,"column":22},"end":{"line":185,"column":25}},"67":{"start":{"line":187,"column":2},"end":{"line":210,"column":68}},"68":{"start":{"line":188,"column":4},"end":{"line":195,"column":5}},"69":{"start":{"line":190,"column":6},"end":{"line":193,"column":7}},"70":{"start":{"line":191,"column":31},"end":{"line":191,"column":70}},"71":{"start":{"line":192,"column":8},"end":{"line":192,"column":54}},"72":{"start":{"line":194,"column":6},"end":{"line":194,"column":74}},"73":{"start":{"line":198,"column":28},"end":{"line":198,"column":30}},"74":{"start":{"line":199,"column":4},"end":{"line":202,"column":5}},"75":{"start":{"line":199,"column":17},"end":{"line":199,"column":18}},"76":{"start":{"line":200,"column":26},"end":{"line":200,"column":73}},"77":{"start":{"line":201,"column":6},"end":{"line":201,"column":39}},"78":{"start":{"line":204,"column":4},"end":{"line":204,"column":30}},"79":{"start":{"line":207,"column":4},"end":{"line":207,"column":61}},"80":{"start":{"line":209,"column":4},"end":{"line":209,"column":15}},"81":{"start":{"line":213,"column":19},"end":{"line":213,"column":54}},"82":{"start":{"line":214,"column":18},"end":{"line":214,"column":60}},"83":{"start":{"line":215,"column":18},"end":{"line":215,"column":28}},"84":{"start":{"line":216,"column":25},"end":{"line":216,"column":44}},"85":{"start":{"line":218,"column":2},"end":{"line":227,"column":4}},"86":{"start":{"line":233,"column":49},"end":{"line":241,"column":1}}},"fnMap":{"0":{"name":"(anonymous_0)","decl":{"start":{"line":24,"column":24},"end":{"line":24,"column":25}},"loc":{"start":{"line":24,"column":63},"end":{"line":72,"column":1}},"line":24},"1":{"name":"(anonymous_1)","decl":{"start":{"line":80,"column":29},"end":{"line":80,"column":30}},"loc":{"start":{"line":83,"column":22},"end":{"line":137,"column":1}},"line":83},"2":{"name":"(anonymous_2)","decl":{"start":{"line":144,"column":26},"end":{"line":144,"column":27}},"loc":{"start":{"line":144,"column":57},"end":{"line":151,"column":1}},"line":144},"3":{"name":"(anonymous_3)","decl":{"start":{"line":158,"column":38},"end":{"line":158,"column":39}},"loc":{"start":{"line":160,"column":33},"end":{"line":228,"column":1}},"line":160}},"branchMap":{"0":{"loc":{"start":{"line":27,"column":2},"end":{"line":36,"column":3}},"type":"if","locations":[{"start":{"line":27,"column":2},"end":{"line":36,"column":3}},{"start":{},"end":{}}],"line":27},"1":{"loc":{"start":{"line":29,"column":4},"end":{"line":34,"column":5}},"type":"if","locations":[{"start":{"line":29,"column":4},"end":{"line":34,"column":5}},{"start":{},"end":{}}],"line":29},"2":{"loc":{"start":{"line":38,"column":2},"end":{"line":47,"column":3}},"type":"if","locations":[{"start":{"line":38,"column":2},"end":{"line":47,"column":3}},{"start":{},"end":{}}],"line":38},"3":{"loc":{"start":{"line":40,"column":4},"end":{"line":45,"column":5}},"type":"if","locations":[{"start":{"line":40,"column":4},"end":{"line":45,"column":5}},{"start":{},"end":{}}],"line":40},"4":{"loc":{"start":{"line":49,"column":2},"end":{"line":58,"column":3}},"type":"if","locations":[{"start":{"line":49,"column":2},"end":{"line":58,"column":3}},{"start":{},"end":{}}],"line":49},"5":{"loc":{"start":{"line":51,"column":4},"end":{"line":56,"column":5}},"type":"if","locations":[{"start":{"line":51,"column":4},"end":{"line":56,"column":5}},{"start":{},"end":{}}],"line":51},"6":{"loc":{"start":{"line":60,"column":2},"end":{"line":69,"column":3}},"type":"if","locations":[{"start":{"line":60,"column":2},"end":{"line":69,"column":3}},{"start":{},"end":{}}],"line":60},"7":{"loc":{"start":{"line":62,"column":4},"end":{"line":67,"column":5}},"type":"if","locations":[{"start":{"line":62,"column":4},"end":{"line":67,"column":5}},{"start":{},"end":{}}],"line":62},"8":{"loc":{"start":{"line":91,"column":2},"end":{"line":101,"column":3}},"type":"if","locations":[{"start":{"line":91,"column":2},"end":{"line":101,"column":3}},{"start":{},"end":{}}],"line":91},"9":{"loc":{"start":{"line":92,"column":4},"end":{"line":93,"column":48}},"type":"binary-expr","locations":[{"start":{"line":92,"column":4},"end":{"line":92,"column":28}},{"start":{"line":93,"column":4},"end":{"line":93,"column":48}}],"line":92},"10":{"loc":{"start":{"line":95,"column":21},"end":{"line":97,"column":17}},"type":"cond-expr","locations":[{"start":{"line":96,"column":8},"end":{"line":96,"column":78}},{"start":{"line":97,"column":8},"end":{"line":97,"column":17}}],"line":95},"11":{"loc":{"start":{"line":104,"column":2},"end":{"line":114,"column":3}},"type":"if","locations":[{"start":{"line":104,"column":2},"end":{"line":114,"column":3}},{"start":{},"end":{}}],"line":104},"12":{"loc":{"start":{"line":105,"column":4},"end":{"line":106,"column":48}},"type":"binary-expr","locations":[{"start":{"line":105,"column":4},"end":{"line":105,"column":28}},{"start":{"line":106,"column":4},"end":{"line":106,"column":48}}],"line":105},"13":{"loc":{"start":{"line":108,"column":21},"end":{"line":110,"column":17}},"type":"cond-expr","locations":[{"start":{"line":109,"column":8},"end":{"line":109,"column":78}},{"start":{"line":110,"column":8},"end":{"line":110,"column":17}}],"line":108},"14":{"loc":{"start":{"line":117,"column":2},"end":{"line":124,"column":3}},"type":"if","locations":[{"start":{"line":117,"column":2},"end":{"line":124,"column":3}},{"start":{},"end":{}}],"line":117},"15":{"loc":{"start":{"line":117,"column":6},"end":{"line":117,"column":74}},"type":"binary-expr","locations":[{"start":{"line":117,"column":6},"end":{"line":117,"column":28}},{"start":{"line":117,"column":32},"end":{"line":117,"column":74}}],"line":117},"16":{"loc":{"start":{"line":118,"column":22},"end":{"line":120,"column":15}},"type":"cond-expr","locations":[{"start":{"line":119,"column":8},"end":{"line":119,"column":74}},{"start":{"line":120,"column":8},"end":{"line":120,"column":15}}],"line":118},"17":{"loc":{"start":{"line":127,"column":2},"end":{"line":134,"column":3}},"type":"if","locations":[{"start":{"line":127,"column":2},"end":{"line":134,"column":3}},{"start":{},"end":{}}],"line":127},"18":{"loc":{"start":{"line":127,"column":6},"end":{"line":127,"column":74}},"type":"binary-expr","locations":[{"start":{"line":127,"column":6},"end":{"line":127,"column":28}},{"start":{"line":127,"column":32},"end":{"line":127,"column":74}}],"line":127},"19":{"loc":{"start":{"line":128,"column":22},"end":{"line":130,"column":15}},"type":"cond-expr","locations":[{"start":{"line":129,"column":8},"end":{"line":129,"column":74}},{"start":{"line":130,"column":8},"end":{"line":130,"column":15}}],"line":128},"20":{"loc":{"start":{"line":146,"column":4},"end":{"line":148,"column":5}},"type":"if","locations":[{"start":{"line":146,"column":4},"end":{"line":148,"column":5}},{"start":{},"end":{}}],"line":146},"21":{"loc":{"start":{"line":164,"column":2},"end":{"line":166,"column":3}},"type":"if","locations":[{"start":{"line":164,"column":2},"end":{"line":166,"column":3}},{"start":{},"end":{}}],"line":164},"22":{"loc":{"start":{"line":164,"column":6},"end":{"line":164,"column":47}},"type":"binary-expr","locations":[{"start":{"line":164,"column":6},"end":{"line":164,"column":24}},{"start":{"line":164,"column":28},"end":{"line":164,"column":47}}],"line":164},"23":{"loc":{"start":{"line":168,"column":2},"end":{"line":175,"column":3}},"type":"if","locations":[{"start":{"line":168,"column":2},"end":{"line":175,"column":3}},{"start":{},"end":{}}],"line":168},"24":{"loc":{"start":{"line":169,"column":4},"end":{"line":172,"column":27}},"type":"binary-expr","locations":[{"start":{"line":169,"column":4},"end":{"line":169,"column":29}},{"start":{"line":170,"column":4},"end":{"line":170,"column":29}},{"start":{"line":171,"column":4},"end":{"line":171,"column":27}},{"start":{"line":172,"column":4},"end":{"line":172,"column":27}}],"line":169},"25":{"loc":{"start":{"line":179,"column":2},"end":{"line":181,"column":3}},"type":"if","locations":[{"start":{"line":179,"column":2},"end":{"line":181,"column":3}},{"start":{},"end":{}}],"line":179},"26":{"loc":{"start":{"line":188,"column":4},"end":{"line":195,"column":5}},"type":"if","locations":[{"start":{"line":188,"column":4},"end":{"line":195,"column":5}},{"start":{},"end":{}}],"line":188},"27":{"loc":{"start":{"line":190,"column":6},"end":{"line":193,"column":7}},"type":"if","locations":[{"start":{"line":190,"column":6},"end":{"line":193,"column":7}},{"start":{},"end":{}}],"line":190},"28":{"loc":{"start":{"line":210,"column":11},"end":{"line":210,"column":66}},"type":"binary-expr","locations":[{"start":{"line":210,"column":11},"end":{"line":210,"column":35}},{"start":{"line":210,"column":39},"end":{"line":210,"column":66}}],"line":210}},"s":{"0":7,"1":7,"2":7,"3":7,"4":7,"5":7,"6":3944,"7":3944,"8":3933,"9":3933,"10":133,"11":3933,"12":3944,"13":3938,"14":3938,"15":133,"16":3938,"17":3944,"18":3933,"19":3933,"20":133,"21":3933,"22":3944,"23":3728,"24":3728,"25":131,"26":3728,"27":3944,"28":7,"29":3946,"30":3946,"31":3946,"32":3946,"33":10,"34":10,"35":10,"36":3946,"37":14,"38":14,"39":14,"40":3946,"41":463,"42":463,"43":463,"44":3946,"45":3727,"46":3727,"47":3727,"48":3946,"49":7,"50":3,"51":3,"52":40,"53":2,"54":1,"55":7,"56":3965,"57":3965,"58":12,"59":3951,"60":7,"61":3944,"62":3944,"63":0,"64":3944,"65":3944,"66":3944,"67":3944,"68":3946,"69":0,"70":0,"71":0,"72":0,"73":3946,"74":3946,"75":3946,"76":74056,"77":74056,"78":3946,"79":3946,"80":3946,"81":3944,"82":3944,"83":3944,"84":3944,"85":3944,"86":7},"f":{"0":3944,"1":3946,"2":3,"3":3965},"b":{"0":[3933,11],"1":[133,3800],"2":[3938,6],"3":[133,3805],"4":[3933,11],"5":[133,3800],"6":[3728,216],"7":[131,3597],"8":[10,3936],"9":[3946,3935],"10":[0,10],"11":[14,3932],"12":[3946,3940],"13":[0,14],"14":[463,3483],"15":[3946,3935],"16":[5,458],"17":[3727,219],"18":[3946,3728],"19":[131,3596],"20":[2,38],"21":[12,3951],"22":[3965,3957],"23":[7,3944],"24":[3951,18,11,9],"25":[0,3944],"26":[0,3946],"27":[0,0],"28":[3946,3]},"_coverageSchema":"1a1c01bbd47fc00a2c39e90264f33305004495a9","hash":"addc33e39dc8283c15fe350bb25037f23d9f80d8"}
,"/home/cssong/workspace/password-generator/src/utils/performance.ts": {"path":"/home/cssong/workspace/password-generator/src/utils/performance.ts","statementMap":{"0":{"start":{"line":18,"column":34},"end":{"line":32,"column":1}},"1":{"start":{"line":21,"column":20},"end":{"line":21,"column":37}},"2":{"start":{"line":22,"column":17},"end":{"line":22,"column":27}},"3":{"start":{"line":23,"column":18},"end":{"line":23,"column":35}},"4":{"start":{"line":25,"column":2},"end":{"line":31,"column":4}},"5":{"start":{"line":40,"column":43},"end":{"line":72,"column":1}},"6":{"start":{"line":51,"column":26},"end":{"line":51,"column":28}},"7":{"start":{"line":53,"column":2},"end":{"line":56,"column":3}},"8":{"start":{"line":53,"column":15},"end":{"line":53,"column":16}},"9":{"start":{"line":54,"column":24},"end":{"line":54,"column":60}},"10":{"start":{"line":55,"column":4},"end":{"line":55,"column":44}},"11":{"start":{"line":58,"column":20},"end":{"line":58,"column":62}},"12":{"start":{"line":58,"column":48},"end":{"line":58,"column":58}},"13":{"start":{"line":59,"column":22},"end":{"line":59,"column":44}},"14":{"start":{"line":60,"column":18},"end":{"line":60,"column":36}},"15":{"start":{"line":61,"column":18},"end":{"line":61,"column":36}},"16":{"start":{"line":62,"column":23},"end":{"line":62,"column":40}},"17":{"start":{"line":64,"column":2},"end":{"line":71,"column":4}},"18":{"start":{"line":78,"column":37},"end":{"line":89,"column":1}},"19":{"start":{"line":79,"column":2},"end":{"line":88,"column":3}},"20":{"start":{"line":80,"column":4},"end":{"line":87,"column":7}},"21":{"start":{"line":96,"column":37},"end":{"line":124,"column":1}},"22":{"start":{"line":104,"column":19},"end":{"line":115,"column":3}},"23":{"start":{"line":117,"column":16},"end":{"line":117,"column":18}},"24":{"start":{"line":118,"column":2},"end":{"line":118,"column":62}},"25":{"start":{"line":118,"column":32},"end":{"line":118,"column":62}},"26":{"start":{"line":119,"column":2},"end":{"line":119,"column":62}},"27":{"start":{"line":119,"column":32},"end":{"line":119,"column":62}},"28":{"start":{"line":120,"column":2},"end":{"line":120,"column":58}},"29":{"start":{"line":120,"column":30},"end":{"line":120,"column":58}},"30":{"start":{"line":121,"column":2},"end":{"line":121,"column":58}},"31":{"start":{"line":121,"column":30},"end":{"line":121,"column":58}},"32":{"start":{"line":123,"column":2},"end":{"line":123,"column":17}}},"fnMap":{"0":{"name":"(anonymous_0)","decl":{"start":{"line":18,"column":34},"end":{"line":18,"column":35}},"loc":{"start":{"line":20,"column":67},"end":{"line":32,"column":1}},"line":20},"1":{"name":"(anonymous_1)","decl":{"start":{"line":40,"column":43},"end":{"line":40,"column":44}},"loc":{"start":{"line":50,"column":6},"end":{"line":72,"column":1}},"line":50},"2":{"name":"(anonymous_2)","decl":{"start":{"line":58,"column":33},"end":{"line":58,"column":34}},"loc":{"start":{"line":58,"column":48},"end":{"line":58,"column":58}},"line":58},"3":{"name":"(anonymous_3)","decl":{"start":{"line":78,"column":37},"end":{"line":78,"column":38}},"loc":{"start":{"line":78,"column":76},"end":{"line":89,"column":1}},"line":78},"4":{"name":"(anonymous_4)","decl":{"start":{"line":96,"column":37},"end":{"line":96,"column":38}},"loc":{"start":{"line":102,"column":14},"end":{"line":124,"column":1}},"line":102}},"branchMap":{"0":{"loc":{"start":{"line":42,"column":2},"end":{"line":42,"column":26}},"type":"default-arg","locations":[{"start":{"line":42,"column":23},"end":{"line":42,"column":26}}],"line":42},"1":{"loc":{"start":{"line":55,"column":15},"end":{"line":55,"column":42}},"type":"binary-expr","locations":[{"start":{"line":55,"column":15},"end":{"line":55,"column":37}},{"start":{"line":55,"column":41},"end":{"line":55,"column":42}}],"line":55},"2":{"loc":{"start":{"line":79,"column":2},"end":{"line":88,"column":3}},"type":"if","locations":[{"start":{"line":79,"column":2},"end":{"line":88,"column":3}},{"start":{},"end":{}}],"line":79},"3":{"loc":{"start":{"line":82,"column":30},"end":{"line":82,"column":70}},"type":"cond-expr","locations":[{"start":{"line":82,"column":61},"end":{"line":82,"column":64}},{"start":{"line":82,"column":67},"end":{"line":82,"column":70}}],"line":82},"4":{"loc":{"start":{"line":105,"column":15},"end":{"line":107,"column":36}},"type":"cond-expr","locations":[{"start":{"line":106,"column":8},"end":{"line":106,"column":33}},{"start":{"line":107,"column":8},"end":{"line":107,"column":36}}],"line":105},"5":{"loc":{"start":{"line":108,"column":15},"end":{"line":110,"column":36}},"type":"cond-expr","locations":[{"start":{"line":109,"column":8},"end":{"line":109,"column":34}},{"start":{"line":110,"column":8},"end":{"line":110,"column":36}}],"line":108},"6":{"loc":{"start":{"line":111,"column":13},"end":{"line":111,"column":63}},"type":"cond-expr","locations":[{"start":{"line":111,"column":38},"end":{"line":111,"column":48}},{"start":{"line":111,"column":51},"end":{"line":111,"column":63}}],"line":111},"7":{"loc":{"start":{"line":112,"column":13},"end":{"line":114,"column":36}},"type":"cond-expr","locations":[{"start":{"line":113,"column":8},"end":{"line":113,"column":34}},{"start":{"line":114,"column":8},"end":{"line":114,"column":36}}],"line":112},"8":{"loc":{"start":{"line":118,"column":2},"end":{"line":118,"column":62}},"type":"if","locations":[{"start":{"line":118,"column":2},"end":{"line":118,"column":62}},{"start":{},"end":{}}],"line":118},"9":{"loc":{"start":{"line":119,"column":2},"end":{"line":119,"column":62}},"type":"if","locations":[{"start":{"line":119,"column":2},"end":{"line":119,"column":62}},{"start":{},"end":{}}],"line":119},"10":{"loc":{"start":{"line":120,"column":2},"end":{"line":120,"column":58}},"type":"if","locations":[{"start":{"line":120,"column":2},"end":{"line":120,"column":58}},{"start":{},"end":{}}],"line":120},"11":{"loc":{"start":{"line":121,"column":2},"end":{"line":121,"column":58}},"type":"if","locations":[{"start":{"line":121,"column":2},"end":{"line":121,"column":58}},{"start":{},"end":{}}],"line":121}},"s":{"0":2,"1":143,"2":143,"3":143,"4":143,"5":2,"6":6,"7":6,"8":6,"9":140,"10":140,"11":6,"12":140,"13":6,"14":6,"15":6,"16":6,"17":6,"18":2,"19":0,"20":0,"21":2,"22":7,"23":7,"24":7,"25":5,"26":7,"27":4,"28":7,"29":3,"30":7,"31":2,"32":7},"f":{"0":143,"1":6,"2":140,"3":0,"4":7},"b":{"0":[1],"1":[140,130],"2":[0,0],"3":[0,0],"4":[3,4],"5":[3,4],"6":[3,4],"7":[3,4],"8":[5,2],"9":[4,3],"10":[3,4],"11":[2,5]},"_coverageSchema":"1a1c01bbd47fc00a2c39e90264f33305004495a9","hash":"e57bd8ff3892a74d12789af1712f8b5fcae250bc"}
,"/home/cssong/workspace/password-generator/src/utils/secureRandom.ts": {"path":"/home/cssong/workspace/password-generator/src/utils/secureRandom.ts","statementMap":{"0":{"start":{"line":8,"column":36},"end":{"line":35,"column":1}},"1":{"start":{"line":11,"column":2},"end":{"line":34,"column":3}},"2":{"start":{"line":12,"column":24},"end":{"line":12,"column":64}},"3":{"start":{"line":13,"column":19},"end":{"line":13,"column":46}},"4":{"start":{"line":16,"column":21},"end":{"line":16,"column":55}},"5":{"start":{"line":16,"column":44},"end":{"line":16,"column":54}},"6":{"start":{"line":17,"column":4},"end":{"line":24,"column":5}},"7":{"start":{"line":19,"column":28},"end":{"line":19,"column":50}},"8":{"start":{"line":20,"column":6},"end":{"line":22,"column":7}},"9":{"start":{"line":20,"column":19},"end":{"line":20,"column":20}},"10":{"start":{"line":21,"column":8},"end":{"line":21,"column":59}},"11":{"start":{"line":23,"column":6},"end":{"line":23,"column":27}},"12":{"start":{"line":26,"column":4},"end":{"line":26,"column":18}},"13":{"start":{"line":29,"column":26},"end":{"line":29,"column":48}},"14":{"start":{"line":30,"column":4},"end":{"line":32,"column":5}},"15":{"start":{"line":30,"column":17},"end":{"line":30,"column":18}},"16":{"start":{"line":31,"column":6},"end":{"line":31,"column":57}},"17":{"start":{"line":33,"column":4},"end":{"line":33,"column":25}},"18":{"start":{"line":43,"column":34},"end":{"line":65,"column":1}},"19":{"start":{"line":47,"column":2},"end":{"line":49,"column":3}},"20":{"start":{"line":48,"column":4},"end":{"line":48,"column":61}},"21":{"start":{"line":51,"column":16},"end":{"line":51,"column":29}},"22":{"start":{"line":52,"column":22},"end":{"line":52,"column":53}},"23":{"start":{"line":53,"column":24},"end":{"line":53,"column":74}},"24":{"start":{"line":56,"column":2},"end":{"line":62,"column":40}},"25":{"start":{"line":57,"column":24},"end":{"line":57,"column":63}},"26":{"start":{"line":58,"column":4},"end":{"line":58,"column":20}},"27":{"start":{"line":59,"column":4},"end":{"line":61,"column":5}},"28":{"start":{"line":59,"column":17},"end":{"line":59,"column":18}},"29":{"start":{"line":60,"column":6},"end":{"line":60,"column":55}},"30":{"start":{"line":64,"column":2},"end":{"line":64,"column":37}},"31":{"start":{"line":72,"column":34},"end":{"line":81,"column":1}},"32":{"start":{"line":73,"column":17},"end":{"line":73,"column":27}},"33":{"start":{"line":75,"column":2},"end":{"line":78,"column":3}},"34":{"start":{"line":75,"column":15},"end":{"line":75,"column":32}},"35":{"start":{"line":76,"column":14},"end":{"line":76,"column":44}},"36":{"start":{"line":77,"column":4},"end":{"line":77,"column":52}},"37":{"start":{"line":80,"column":2},"end":{"line":80,"column":16}}},"fnMap":{"0":{"name":"(anonymous_0)","decl":{"start":{"line":8,"column":36},"end":{"line":8,"column":37}},"loc":{"start":{"line":10,"column":26},"end":{"line":35,"column":1}},"line":10},"1":{"name":"(anonymous_1)","decl":{"start":{"line":16,"column":34},"end":{"line":16,"column":35}},"loc":{"start":{"line":16,"column":44},"end":{"line":16,"column":54}},"line":16},"2":{"name":"(anonymous_2)","decl":{"start":{"line":43,"column":34},"end":{"line":43,"column":35}},"loc":{"start":{"line":46,"column":22},"end":{"line":65,"column":1}},"line":46},"3":{"name":"(anonymous_3)","decl":{"start":{"line":72,"column":34},"end":{"line":72,"column":35}},"loc":{"start":{"line":72,"column":73},"end":{"line":81,"column":1}},"line":72}},"branchMap":{"0":{"loc":{"start":{"line":17,"column":4},"end":{"line":24,"column":5}},"type":"if","locations":[{"start":{"line":17,"column":4},"end":{"line":24,"column":5}},{"start":{},"end":{}}],"line":17},"1":{"loc":{"start":{"line":17,"column":8},"end":{"line":17,"column":51}},"type":"binary-expr","locations":[{"start":{"line":17,"column":8},"end":{"line":17,"column":16}},{"start":{"line":17,"column":20},"end":{"line":17,"column":51}}],"line":17},"2":{"loc":{"start":{"line":47,"column":2},"end":{"line":49,"column":3}},"type":"if","locations":[{"start":{"line":47,"column":2},"end":{"line":49,"column":3}},{"start":{},"end":{}}],"line":47}},"s":{"0":8,"1":180720,"2":180720,"3":180720,"4":180720,"5":180717,"6":180720,"7":179656,"8":179656,"9":179656,"10":179653,"11":179656,"12":1064,"13":0,"14":0,"15":0,"16":0,"17":0,"18":8,"19":148552,"20":1,"21":148551,"22":148551,"23":148551,"24":148551,"25":180715,"26":180715,"27":180715,"28":180715,"29":180713,"30":148551,"31":8,"32":3952,"33":3952,"34":3952,"35":70129,"36":70129,"37":3952},"f":{"0":180720,"1":180717,"2":148552,"3":3952},"b":{"0":[179656,1064],"1":[180720,179656],"2":[1,148551]},"_coverageSchema":"1a1c01bbd47fc00a2c39e90264f33305004495a9","hash":"d370d7168433bf890b728d3b942e6e42930194f3"}
,"/home/cssong/workspace/password-generator/src/utils/strengthCalculator.ts": {"path":"/home/cssong/workspace/password-generator/src/utils/strengthCalculator.ts","statementMap":{"0":{"start":{"line":4,"column":24},"end":{"line":12,"column":1}},"1":{"start":{"line":15,"column":25},"end":{"line":34,"column":1}},"2":{"start":{"line":41,"column":29},"end":{"line":50,"column":1}},"3":{"start":{"line":42,"column":20},"end":{"line":42,"column":21}},"4":{"start":{"line":44,"column":2},"end":{"line":44,"column":48}},"5":{"start":{"line":44,"column":30},"end":{"line":44,"column":48}},"6":{"start":{"line":45,"column":2},"end":{"line":45,"column":48}},"7":{"start":{"line":45,"column":30},"end":{"line":45,"column":48}},"8":{"start":{"line":46,"column":2},"end":{"line":46,"column":48}},"9":{"start":{"line":46,"column":30},"end":{"line":46,"column":48}},"10":{"start":{"line":47,"column":2},"end":{"line":47,"column":55}},"11":{"start":{"line":47,"column":37},"end":{"line":47,"column":55}},"12":{"start":{"line":49,"column":2},"end":{"line":49,"column":21}},"13":{"start":{"line":57,"column":25},"end":{"line":61,"column":1}},"14":{"start":{"line":58,"column":22},"end":{"line":58,"column":52}},"15":{"start":{"line":59,"column":17},"end":{"line":59,"column":32}},"16":{"start":{"line":60,"column":2},"end":{"line":60,"column":50}},"17":{"start":{"line":68,"column":26},"end":{"line":70,"column":1}},"18":{"start":{"line":69,"column":2},"end":{"line":69,"column":67}},"19":{"start":{"line":69,"column":43},"end":{"line":69,"column":65}},"20":{"start":{"line":77,"column":25},"end":{"line":79,"column":1}},"21":{"start":{"line":78,"column":2},"end":{"line":78,"column":59}},"22":{"start":{"line":86,"column":28},"end":{"line":105,"column":1}},"23":{"start":{"line":87,"column":27},"end":{"line":94,"column":3}},"24":{"start":{"line":96,"column":24},"end":{"line":96,"column":46}},"25":{"start":{"line":97,"column":2},"end":{"line":104,"column":5}},"26":{"start":{"line":98,"column":4},"end":{"line":102,"column":5}},"27":{"start":{"line":98,"column":17},"end":{"line":98,"column":18}},"28":{"start":{"line":99,"column":6},"end":{"line":101,"column":7}},"29":{"start":{"line":100,"column":8},"end":{"line":100,"column":20}},"30":{"start":{"line":103,"column":4},"end":{"line":103,"column":17}},"31":{"start":{"line":112,"column":22},"end":{"line":132,"column":1}},"32":{"start":{"line":114,"column":2},"end":{"line":118,"column":3}},"33":{"start":{"line":114,"column":15},"end":{"line":114,"column":16}},"34":{"start":{"line":115,"column":4},"end":{"line":117,"column":5}},"35":{"start":{"line":116,"column":6},"end":{"line":116,"column":18}},"36":{"start":{"line":121,"column":2},"end":{"line":129,"column":3}},"37":{"start":{"line":121,"column":17},"end":{"line":121,"column":18}},"38":{"start":{"line":122,"column":4},"end":{"line":128,"column":5}},"39":{"start":{"line":122,"column":17},"end":{"line":122,"column":18}},"40":{"start":{"line":123,"column":23},"end":{"line":123,"column":53}},"41":{"start":{"line":124,"column":27},"end":{"line":124,"column":67}},"42":{"start":{"line":125,"column":6},"end":{"line":127,"column":7}},"43":{"start":{"line":126,"column":8},"end":{"line":126,"column":20}},"44":{"start":{"line":131,"column":2},"end":{"line":131,"column":15}},"45":{"start":{"line":139,"column":41},"end":{"line":234,"column":1}},"46":{"start":{"line":143,"column":2},"end":{"line":150,"column":3}},"47":{"start":{"line":144,"column":4},"end":{"line":149,"column":6}},"48":{"start":{"line":152,"column":29},"end":{"line":152,"column":31}},"49":{"start":{"line":153,"column":14},"end":{"line":153,"column":15}},"50":{"start":{"line":156,"column":2},"end":{"line":162,"column":3}},"51":{"start":{"line":157,"column":4},"end":{"line":157,"column":15}},"52":{"start":{"line":158,"column":9},"end":{"line":162,"column":3}},"53":{"start":{"line":159,"column":4},"end":{"line":159,"column":15}},"54":{"start":{"line":161,"column":4},"end":{"line":161,"column":47}},"55":{"start":{"line":165,"column":21},"end":{"line":165,"column":22}},"56":{"start":{"line":166,"column":2},"end":{"line":166,"column":45}},"57":{"start":{"line":166,"column":30},"end":{"line":166,"column":45}},"58":{"start":{"line":167,"column":2},"end":{"line":167,"column":45}},"59":{"start":{"line":167,"column":30},"end":{"line":167,"column":45}},"60":{"start":{"line":168,"column":2},"end":{"line":168,"column":45}},"61":{"start":{"line":168,"column":30},"end":{"line":168,"column":45}},"62":{"start":{"line":169,"column":2},"end":{"line":169,"column":52}},"63":{"start":{"line":169,"column":37},"end":{"line":169,"column":52}},"64":{"start":{"line":171,"column":2},"end":{"line":171,"column":24}},"65":{"start":{"line":173,"column":2},"end":{"line":175,"column":3}},"66":{"start":{"line":174,"column":4},"end":{"line":174,"column":77}},"67":{"start":{"line":178,"column":18},"end":{"line":178,"column":44}},"68":{"start":{"line":179,"column":2},"end":{"line":184,"column":3}},"69":{"start":{"line":180,"column":4},"end":{"line":180,"column":15}},"70":{"start":{"line":181,"column":9},"end":{"line":184,"column":3}},"71":{"start":{"line":182,"column":4},"end":{"line":182,"column":15}},"72":{"start":{"line":183,"column":4},"end":{"line":183,"column":49}},"73":{"start":{"line":187,"column":2},"end":{"line":190,"column":3}},"74":{"start":{"line":188,"column":4},"end":{"line":188,"column":15}},"75":{"start":{"line":189,"column":4},"end":{"line":189,"column":44}},"76":{"start":{"line":192,"column":2},"end":{"line":195,"column":3}},"77":{"start":{"line":193,"column":4},"end":{"line":193,"column":15}},"78":{"start":{"line":194,"column":4},"end":{"line":194,"column":43}},"79":{"start":{"line":197,"column":2},"end":{"line":200,"column":3}},"80":{"start":{"line":198,"column":4},"end":{"line":198,"column":15}},"81":{"start":{"line":199,"column":4},"end":{"line":199,"column":45}},"82":{"start":{"line":202,"column":2},"end":{"line":205,"column":3}},"83":{"start":{"line":203,"column":4},"end":{"line":203,"column":15}},"84":{"start":{"line":204,"column":4},"end":{"line":204,"column":60}},"85":{"start":{"line":208,"column":2},"end":{"line":208,"column":42}},"86":{"start":{"line":212,"column":2},"end":{"line":222,"column":3}},"87":{"start":{"line":213,"column":4},"end":{"line":213,"column":24}},"88":{"start":{"line":214,"column":9},"end":{"line":222,"column":3}},"89":{"start":{"line":215,"column":4},"end":{"line":215,"column":19}},"90":{"start":{"line":216,"column":9},"end":{"line":222,"column":3}},"91":{"start":{"line":217,"column":4},"end":{"line":217,"column":19}},"92":{"start":{"line":218,"column":9},"end":{"line":222,"column":3}},"93":{"start":{"line":219,"column":4},"end":{"line":219,"column":19}},"94":{"start":{"line":221,"column":4},"end":{"line":221,"column":21}},"95":{"start":{"line":225,"column":2},"end":{"line":227,"column":3}},"96":{"start":{"line":226,"column":4},"end":{"line":226,"column":38}},"97":{"start":{"line":229,"column":2},"end":{"line":233,"column":4}},"98":{"start":{"line":241,"column":32},"end":{"line":256,"column":1}},"99":{"start":{"line":242,"column":2},"end":{"line":255,"column":3}},"100":{"start":{"line":244,"column":6},"end":{"line":244,"column":23}},"101":{"start":{"line":246,"column":6},"end":{"line":246,"column":23}},"102":{"start":{"line":248,"column":6},"end":{"line":248,"column":23}},"103":{"start":{"line":250,"column":6},"end":{"line":250,"column":23}},"104":{"start":{"line":252,"column":6},"end":{"line":252,"column":23}},"105":{"start":{"line":254,"column":6},"end":{"line":254,"column":23}},"106":{"start":{"line":263,"column":38},"end":{"line":278,"column":1}},"107":{"start":{"line":264,"column":2},"end":{"line":277,"column":3}},"108":{"start":{"line":266,"column":6},"end":{"line":266,"column":25}},"109":{"start":{"line":268,"column":6},"end":{"line":268,"column":20}},"110":{"start":{"line":270,"column":6},"end":{"line":270,"column":20}},"111":{"start":{"line":272,"column":6},"end":{"line":272,"column":20}},"112":{"start":{"line":274,"column":6},"end":{"line":274,"column":22}},"113":{"start":{"line":276,"column":6},"end":{"line":276,"column":23}}},"fnMap":{"0":{"name":"(anonymous_0)","decl":{"start":{"line":41,"column":29},"end":{"line":41,"column":30}},"loc":{"start":{"line":41,"column":59},"end":{"line":50,"column":1}},"line":41},"1":{"name":"(anonymous_1)","decl":{"start":{"line":57,"column":25},"end":{"line":57,"column":26}},"loc":{"start":{"line":57,"column":55},"end":{"line":61,"column":1}},"line":57},"2":{"name":"(anonymous_2)","decl":{"start":{"line":68,"column":26},"end":{"line":68,"column":27}},"loc":{"start":{"line":68,"column":57},"end":{"line":70,"column":1}},"line":68},"3":{"name":"(anonymous_3)","decl":{"start":{"line":69,"column":30},"end":{"line":69,"column":31}},"loc":{"start":{"line":69,"column":43},"end":{"line":69,"column":65}},"line":69},"4":{"name":"(anonymous_4)","decl":{"start":{"line":77,"column":25},"end":{"line":77,"column":26}},"loc":{"start":{"line":77,"column":56},"end":{"line":79,"column":1}},"line":77},"5":{"name":"(anonymous_5)","decl":{"start":{"line":86,"column":28},"end":{"line":86,"column":29}},"loc":{"start":{"line":86,"column":59},"end":{"line":105,"column":1}},"line":86},"6":{"name":"(anonymous_6)","decl":{"start":{"line":97,"column":31},"end":{"line":97,"column":32}},"loc":{"start":{"line":97,"column":44},"end":{"line":104,"column":3}},"line":97},"7":{"name":"(anonymous_7)","decl":{"start":{"line":112,"column":22},"end":{"line":112,"column":23}},"loc":{"start":{"line":112,"column":53},"end":{"line":132,"column":1}},"line":112},"8":{"name":"(anonymous_8)","decl":{"start":{"line":139,"column":41},"end":{"line":139,"column":42}},"loc":{"start":{"line":141,"column":23},"end":{"line":234,"column":1}},"line":141},"9":{"name":"(anonymous_9)","decl":{"start":{"line":241,"column":32},"end":{"line":241,"column":33}},"loc":{"start":{"line":241,"column":72},"end":{"line":256,"column":1}},"line":241},"10":{"name":"(anonymous_10)","decl":{"start":{"line":263,"column":38},"end":{"line":263,"column":39}},"loc":{"start":{"line":263,"column":78},"end":{"line":278,"column":1}},"line":263}},"branchMap":{"0":{"loc":{"start":{"line":44,"column":2},"end":{"line":44,"column":48}},"type":"if","locations":[{"start":{"line":44,"column":2},"end":{"line":44,"column":48}},{"start":{},"end":{}}],"line":44},"1":{"loc":{"start":{"line":45,"column":2},"end":{"line":45,"column":48}},"type":"if","locations":[{"start":{"line":45,"column":2},"end":{"line":45,"column":48}},{"start":{},"end":{}}],"line":45},"2":{"loc":{"start":{"line":46,"column":2},"end":{"line":46,"column":48}},"type":"if","locations":[{"start":{"line":46,"column":2},"end":{"line":46,"column":48}},{"start":{},"end":{}}],"line":46},"3":{"loc":{"start":{"line":47,"column":2},"end":{"line":47,"column":55}},"type":"if","locations":[{"start":{"line":47,"column":2},"end":{"line":47,"column":55}},{"start":{},"end":{}}],"line":47},"4":{"loc":{"start":{"line":99,"column":6},"end":{"line":101,"column":7}},"type":"if","locations":[{"start":{"line":99,"column":6},"end":{"line":101,"column":7}},{"start":{},"end":{}}],"line":99},"5":{"loc":{"start":{"line":115,"column":4},"end":{"line":117,"column":5}},"type":"if","locations":[{"start":{"line":115,"column":4},"end":{"line":117,"column":5}},{"start":{},"end":{}}],"line":115},"6":{"loc":{"start":{"line":115,"column":8},"end":{"line":115,"column":74}},"type":"binary-expr","locations":[{"start":{"line":115,"column":8},"end":{"line":115,"column":39}},{"start":{"line":115,"column":43},"end":{"line":115,"column":74}}],"line":115},"7":{"loc":{"start":{"line":125,"column":6},"end":{"line":127,"column":7}},"type":"if","locations":[{"start":{"line":125,"column":6},"end":{"line":127,"column":7}},{"start":{},"end":{}}],"line":125},"8":{"loc":{"start":{"line":143,"column":2},"end":{"line":150,"column":3}},"type":"if","locations":[{"start":{"line":143,"column":2},"end":{"line":150,"column":3}},{"start":{},"end":{}}],"line":143},"9":{"loc":{"start":{"line":143,"column":6},"end":{"line":143,"column":47}},"type":"binary-expr","locations":[{"start":{"line":143,"column":6},"end":{"line":143,"column":15}},{"start":{"line":143,"column":19},"end":{"line":143,"column":47}}],"line":143},"10":{"loc":{"start":{"line":156,"column":2},"end":{"line":162,"column":3}},"type":"if","locations":[{"start":{"line":156,"column":2},"end":{"line":162,"column":3}},{"start":{"line":158,"column":9},"end":{"line":162,"column":3}}],"line":156},"11":{"loc":{"start":{"line":158,"column":9},"end":{"line":162,"column":3}},"type":"if","locations":[{"start":{"line":158,"column":9},"end":{"line":162,"column":3}},{"start":{"line":160,"column":9},"end":{"line":162,"column":3}}],"line":158},"12":{"loc":{"start":{"line":166,"column":2},"end":{"line":166,"column":45}},"type":"if","locations":[{"start":{"line":166,"column":2},"end":{"line":166,"column":45}},{"start":{},"end":{}}],"line":166},"13":{"loc":{"start":{"line":167,"column":2},"end":{"line":167,"column":45}},"type":"if","locations":[{"start":{"line":167,"column":2},"end":{"line":167,"column":45}},{"start":{},"end":{}}],"line":167},"14":{"loc":{"start":{"line":168,"column":2},"end":{"line":168,"column":45}},"type":"if","locations":[{"start":{"line":168,"column":2},"end":{"line":168,"column":45}},{"start":{},"end":{}}],"line":168},"15":{"loc":{"start":{"line":169,"column":2},"end":{"line":169,"column":52}},"type":"if","locations":[{"start":{"line":169,"column":2},"end":{"line":169,"column":52}},{"start":{},"end":{}}],"line":169},"16":{"loc":{"start":{"line":173,"column":2},"end":{"line":175,"column":3}},"type":"if","locations":[{"start":{"line":173,"column":2},"end":{"line":175,"column":3}},{"start":{},"end":{}}],"line":173},"17":{"loc":{"start":{"line":179,"column":2},"end":{"line":184,"column":3}},"type":"if","locations":[{"start":{"line":179,"column":2},"end":{"line":184,"column":3}},{"start":{"line":181,"column":9},"end":{"line":184,"column":3}}],"line":179},"18":{"loc":{"start":{"line":181,"column":9},"end":{"line":184,"column":3}},"type":"if","locations":[{"start":{"line":181,"column":9},"end":{"line":184,"column":3}},{"start":{},"end":{}}],"line":181},"19":{"loc":{"start":{"line":187,"column":2},"end":{"line":190,"column":3}},"type":"if","locations":[{"start":{"line":187,"column":2},"end":{"line":190,"column":3}},{"start":{},"end":{}}],"line":187},"20":{"loc":{"start":{"line":192,"column":2},"end":{"line":195,"column":3}},"type":"if","locations":[{"start":{"line":192,"column":2},"end":{"line":195,"column":3}},{"start":{},"end":{}}],"line":192},"21":{"loc":{"start":{"line":197,"column":2},"end":{"line":200,"column":3}},"type":"if","locations":[{"start":{"line":197,"column":2},"end":{"line":200,"column":3}},{"start":{},"end":{}}],"line":197},"22":{"loc":{"start":{"line":202,"column":2},"end":{"line":205,"column":3}},"type":"if","locations":[{"start":{"line":202,"column":2},"end":{"line":205,"column":3}},{"start":{},"end":{}}],"line":202},"23":{"loc":{"start":{"line":212,"column":2},"end":{"line":222,"column":3}},"type":"if","locations":[{"start":{"line":212,"column":2},"end":{"line":222,"column":3}},{"start":{"line":214,"column":9},"end":{"line":222,"column":3}}],"line":212},"24":{"loc":{"start":{"line":214,"column":9},"end":{"line":222,"column":3}},"type":"if","locations":[{"start":{"line":214,"column":9},"end":{"line":222,"column":3}},{"start":{"line":216,"column":9},"end":{"line":222,"column":3}}],"line":214},"25":{"loc":{"start":{"line":216,"column":9},"end":{"line":222,"column":3}},"type":"if","locations":[{"start":{"line":216,"column":9},"end":{"line":222,"column":3}},{"start":{"line":218,"column":9},"end":{"line":222,"column":3}}],"line":216},"26":{"loc":{"start":{"line":218,"column":9},"end":{"line":222,"column":3}},"type":"if","locations":[{"start":{"line":218,"column":9},"end":{"line":222,"column":3}},{"start":{"line":220,"column":9},"end":{"line":222,"column":3}}],"line":218},"27":{"loc":{"start":{"line":225,"column":2},"end":{"line":227,"column":3}},"type":"if","locations":[{"start":{"line":225,"column":2},"end":{"line":227,"column":3}},{"start":{},"end":{}}],"line":225},"28":{"loc":{"start":{"line":225,"column":6},"end":{"line":225,"column":41}},"type":"binary-expr","locations":[{"start":{"line":225,"column":6},"end":{"line":225,"column":16}},{"start":{"line":225,"column":20},"end":{"line":225,"column":41}}],"line":225},"29":{"loc":{"start":{"line":242,"column":2},"end":{"line":255,"column":3}},"type":"switch","locations":[{"start":{"line":243,"column":4},"end":{"line":244,"column":23}},{"start":{"line":245,"column":4},"end":{"line":246,"column":23}},{"start":{"line":247,"column":4},"end":{"line":248,"column":23}},{"start":{"line":249,"column":4},"end":{"line":250,"column":23}},{"start":{"line":251,"column":4},"end":{"line":252,"column":23}},{"start":{"line":253,"column":4},"end":{"line":254,"column":23}}],"line":242},"30":{"loc":{"start":{"line":264,"column":2},"end":{"line":277,"column":3}},"type":"switch","locations":[{"start":{"line":265,"column":4},"end":{"line":266,"column":25}},{"start":{"line":267,"column":4},"end":{"line":268,"column":20}},{"start":{"line":269,"column":4},"end":{"line":270,"column":20}},{"start":{"line":271,"column":4},"end":{"line":272,"column":20}},{"start":{"line":273,"column":4},"end":{"line":274,"column":22}},{"start":{"line":275,"column":4},"end":{"line":276,"column":23}}],"line":264}},"s":{"0":8,"1":8,"2":8,"3":3990,"4":3990,"5":3973,"6":3990,"7":3945,"8":3990,"9":3890,"10":3990,"11":3739,"12":3990,"13":8,"14":3990,"15":3990,"16":3990,"17":8,"18":3990,"19":27815,"20":8,"21":3990,"22":8,"23":3990,"24":3990,"25":3990,"26":23798,"27":23798,"28":237660,"29":48,"30":23750,"31":8,"32":3990,"33":3990,"34":66425,"35":10,"36":3980,"37":3980,"38":33090,"39":33090,"40":315018,"41":315018,"42":315018,"43":10,"44":3970,"45":8,"46":3998,"47":8,"48":3990,"49":3990,"50":3990,"51":3900,"52":90,"53":78,"54":12,"55":3990,"56":3990,"57":3973,"58":3990,"59":3945,"60":3990,"61":3890,"62":3990,"63":3739,"64":3990,"65":3990,"66":45,"67":3990,"68":3990,"69":3912,"70":78,"71":10,"72":10,"73":3990,"74":7,"75":7,"76":3990,"77":47,"78":47,"79":3990,"80":48,"81":48,"82":3990,"83":20,"84":20,"85":3990,"86":3990,"87":28,"88":3962,"89":8,"90":3954,"91":6,"92":3948,"93":5,"94":3943,"95":3990,"96":3906,"97":3990,"98":8,"99":5,"100":1,"101":1,"102":1,"103":1,"104":1,"105":0,"106":8,"107":5,"108":1,"109":1,"110":1,"111":1,"112":1,"113":0},"f":{"0":3990,"1":3990,"2":3990,"3":27815,"4":3990,"5":3990,"6":23798,"7":3990,"8":3998,"9":5,"10":5},"b":{"0":[3973,17],"1":[3945,45],"2":[3890,100],"3":[3739,251],"4":[48,237612],"5":[10,66415],"6":[66425,795],"7":[10,315008],"8":[8,3990],"9":[3998,3993],"10":[3900,90],"11":[78,12],"12":[3973,17],"13":[3945,45],"14":[3890,100],"15":[3739,251],"16":[45,3945],"17":[3912,78],"18":[10,68],"19":[7,3983],"20":[47,3943],"21":[48,3942],"22":[20,3970],"23":[28,3962],"24":[8,3954],"25":[6,3948],"26":[5,3943],"27":[3906,84],"28":[3990,3948],"29":[1,1,1,1,1,0],"30":[1,1,1,1,1,0]},"_coverageSchema":"1a1c01bbd47fc00a2c39e90264f33305004495a9","hash":"6c67501db55ab09095fa8e08b6566788dce89032"}
,"/home/cssong/workspace/password-generator/src/utils/types.ts": {"path":"/home/cssong/workspace/password-generator/src/utils/types.ts","statementMap":{},"fnMap":{},"branchMap":{},"s":{},"f":{},"b":{}}
}
