TN:
SF:src/screens/GeneratorScreen.tsx
FN:4,GeneratorScreen
FNF:1
FNH:0
FNDA:0,GeneratorScreen
DA:5,0
DA:13,0
LF:2
LH:0
BRF:0
BRH:0
end_of_record
TN:
SF:src/screens/HistoryScreen.tsx
FN:4,HistoryScreen
FNF:1
FNH:0
FNDA:0,HistoryScreen
DA:5,0
DA:13,0
LF:2
LH:0
BRF:0
BRH:0
end_of_record
TN:
SF:src/screens/SettingsScreen.tsx
FN:4,SettingsScreen
FNF:1
FNH:0
FNDA:0,SettingsScreen
DA:5,0
DA:13,0
LF:2
LH:0
BRF:0
BRH:0
end_of_record
TN:
SF:src/utils/passwordGenerator.ts
FN:24,(anonymous_0)
FN:68,(anonymous_1)
FN:117,(anonymous_2)
FN:131,(anonymous_3)
FNF:4
FNH:4
FNDA:90,(anonymous_0)
FNDA:189,(anonymous_1)
FNDA:100,(anonymous_2)
FNDA:96,(anonymous_3)
DA:6,2
DA:7,2
DA:8,2
DA:9,2
DA:12,2
DA:24,2
DA:25,90
DA:27,90
DA:28,83
DA:29,83
DA:30,3
DA:32,83
DA:35,90
DA:36,87
DA:37,87
DA:38,3
DA:40,87
DA:43,90
DA:44,83
DA:45,83
DA:46,3
DA:48,83
DA:51,90
DA:52,81
DA:53,81
DA:54,1
DA:56,81
DA:59,90
DA:68,2
DA:69,189
DA:70,189
DA:71,189
DA:74,189
DA:75,0
DA:78,0
DA:79,0
DA:83,189
DA:84,162
DA:87,162
DA:88,162
DA:92,189
DA:93,163
DA:96,163
DA:97,163
DA:101,189
DA:102,81
DA:105,81
DA:106,81
DA:109,189
DA:117,2
DA:118,100
DA:119,400
DA:120,100
DA:123,0
DA:131,2
DA:133,96
DA:134,4
DA:137,92
DA:139,2
DA:142,90
DA:144,90
DA:145,0
DA:148,90
DA:149,90
DA:150,90
DA:152,90
DA:153,190
DA:155,1
DA:156,1
DA:157,1
DA:159,0
DA:163,189
DA:164,189
DA:165,3440
DA:166,3440
DA:169,189
DA:172,189
DA:174,189
DA:178,89
DA:179,89
DA:181,89
DA:192,2
LF:82
LH:76
BRDA:27,0,0,83
BRDA:27,0,1,7
BRDA:29,1,0,3
BRDA:29,1,1,80
BRDA:35,2,0,87
BRDA:35,2,1,3
BRDA:37,3,0,3
BRDA:37,3,1,84
BRDA:43,4,0,83
BRDA:43,4,1,7
BRDA:45,5,0,3
BRDA:45,5,1,80
BRDA:51,6,0,81
BRDA:51,6,1,9
BRDA:53,7,0,1
BRDA:53,7,1,80
BRDA:74,8,0,0
BRDA:74,8,1,189
BRDA:74,9,0,189
BRDA:74,9,1,182
BRDA:75,10,0,0
BRDA:75,10,1,0
BRDA:83,11,0,162
BRDA:83,11,1,27
BRDA:83,12,0,189
BRDA:83,12,1,186
BRDA:84,13,0,101
BRDA:84,13,1,61
BRDA:92,14,0,163
BRDA:92,14,1,26
BRDA:92,15,0,189
BRDA:92,15,1,182
BRDA:93,16,0,101
BRDA:93,16,1,62
BRDA:101,17,0,81
BRDA:101,17,1,108
BRDA:101,18,0,189
BRDA:101,18,1,81
BRDA:102,19,0,1
BRDA:102,19,1,80
BRDA:119,20,0,100
BRDA:119,20,1,300
BRDA:133,21,0,4
BRDA:133,21,1,92
BRDA:133,22,0,96
BRDA:133,22,1,94
BRDA:137,23,0,2
BRDA:137,23,1,90
BRDA:137,24,0,92
BRDA:137,24,1,9
BRDA:137,24,2,4
BRDA:137,24,3,3
BRDA:144,25,0,0
BRDA:144,25,1,90
BRDA:153,26,0,1
BRDA:153,26,1,189
BRDA:155,27,0,1
BRDA:155,27,1,0
BRDA:175,28,0,189
BRDA:175,28,1,100
BRF:60
BRH:55
end_of_record
TN:
SF:src/utils/performance.ts
FN:18,(anonymous_0)
FN:40,(anonymous_1)
FN:58,(anonymous_2)
FN:78,(anonymous_3)
FN:96,(anonymous_4)
FNF:5
FNH:4
FNDA:143,(anonymous_0)
FNDA:6,(anonymous_1)
FNDA:140,(anonymous_2)
FNDA:0,(anonymous_3)
FNDA:7,(anonymous_4)
DA:18,2
DA:21,143
DA:22,143
DA:23,143
DA:25,143
DA:40,2
DA:51,6
DA:53,6
DA:54,140
DA:55,140
DA:58,140
DA:59,6
DA:60,6
DA:61,6
DA:62,6
DA:64,6
DA:78,2
DA:79,0
DA:80,0
DA:96,2
DA:104,7
DA:111,7
DA:112,7
DA:113,7
DA:114,7
DA:115,7
DA:117,7
LF:27
LH:25
BRDA:42,0,0,1
BRDA:55,1,0,140
BRDA:55,1,1,130
BRDA:79,2,0,0
BRDA:79,2,1,0
BRDA:82,3,0,0
BRDA:82,3,1,0
BRDA:105,4,0,3
BRDA:105,4,1,4
BRDA:106,5,0,3
BRDA:106,5,1,4
BRDA:107,6,0,3
BRDA:107,6,1,4
BRDA:108,7,0,3
BRDA:108,7,1,4
BRDA:112,8,0,5
BRDA:112,8,1,2
BRDA:113,9,0,4
BRDA:113,9,1,3
BRDA:114,10,0,3
BRDA:114,10,1,4
BRDA:115,11,0,2
BRDA:115,11,1,5
BRF:23
BRH:19
end_of_record
TN:
SF:src/utils/secureRandom.ts
FN:8,(anonymous_0)
FN:19,(anonymous_1)
FN:45,(anonymous_2)
FNF:3
FNH:3
FNDA:7387,(anonymous_0)
FNDA:7268,(anonymous_1)
FNDA:195,(anonymous_2)
DA:8,3
DA:9,7387
DA:10,7387
DA:19,3
DA:20,7268
DA:21,1
DA:24,7267
DA:25,7267
DA:26,7267
DA:29,7267
DA:30,7382
DA:31,7382
DA:32,7382
DA:33,7380
DA:37,7267
DA:45,3
DA:46,195
DA:48,195
DA:49,3269
DA:50,3269
DA:53,195
LF:21
LH:21
BRDA:20,0,0,1
BRDA:20,0,1,7267
BRF:2
BRH:2
end_of_record
TN:
SF:src/utils/strengthCalculator.ts
FN:26,(anonymous_0)
FN:42,(anonymous_1)
FN:53,(anonymous_2)
FN:54,(anonymous_3)
FN:62,(anonymous_4)
FN:71,(anonymous_5)
FN:79,(anonymous_6)
FN:94,(anonymous_7)
FN:121,(anonymous_8)
FN:211,(anonymous_9)
FN:233,(anonymous_10)
FNF:11
FNH:11
FNDA:128,(anonymous_0)
FNDA:128,(anonymous_1)
FNDA:128,(anonymous_2)
FNDA:787,(anonymous_3)
FNDA:128,(anonymous_4)
FNDA:128,(anonymous_5)
FNDA:716,(anonymous_6)
FNDA:128,(anonymous_7)
FNDA:128,(anonymous_8)
FNDA:5,(anonymous_9)
FNDA:5,(anonymous_10)
DA:4,3
DA:15,3
DA:26,3
DA:27,128
DA:29,128
DA:30,128
DA:31,128
DA:32,128
DA:34,128
DA:42,3
DA:43,128
DA:44,128
DA:45,128
DA:53,3
DA:54,787
DA:62,3
DA:63,128
DA:71,3
DA:72,128
DA:78,128
DA:79,128
DA:80,716
DA:81,7005
DA:82,20
DA:85,696
DA:94,3
DA:96,128
DA:97,943
DA:98,68
DA:103,60
DA:104,304
DA:105,2197
DA:106,2197
DA:107,2197
DA:108,6
DA:113,54
DA:121,3
DA:122,128
DA:123,128
DA:126,128
DA:127,93
DA:128,35
DA:129,24
DA:131,11
DA:135,128
DA:136,128
DA:137,128
DA:138,128
DA:139,128
DA:141,128
DA:143,128
DA:144,34
DA:148,128
DA:149,128
DA:150,90
DA:151,38
DA:152,9
DA:153,9
DA:157,128
DA:158,5
DA:159,5
DA:162,128
DA:163,34
DA:164,34
DA:167,128
DA:168,20
DA:169,20
DA:172,128
DA:173,74
DA:174,74
DA:178,128
DA:182,128
DA:183,26
DA:184,102
DA:185,3
DA:186,99
DA:187,3
DA:188,96
DA:189,4
DA:191,92
DA:195,128
DA:196,26
DA:199,128
DA:211,3
DA:212,5
DA:214,1
DA:216,1
DA:218,1
DA:220,1
DA:222,1
DA:224,0
DA:233,3
DA:234,5
DA:236,1
DA:238,1
DA:240,1
DA:242,1
DA:244,1
DA:246,0
LF:99
LH:97
BRDA:29,0,0,118
BRDA:29,0,1,10
BRDA:30,1,0,96
BRDA:30,1,1,32
BRDA:31,2,0,102
BRDA:31,2,1,26
BRDA:32,3,0,92
BRDA:32,3,1,36
BRDA:81,4,0,20
BRDA:81,4,1,6985
BRDA:97,5,0,68
BRDA:97,5,1,875
BRDA:97,6,0,943
BRDA:97,6,1,78
BRDA:107,7,0,6
BRDA:107,7,1,2191
BRDA:126,8,0,93
BRDA:126,8,1,35
BRDA:128,9,0,24
BRDA:128,9,1,11
BRDA:136,10,0,118
BRDA:136,10,1,10
BRDA:137,11,0,96
BRDA:137,11,1,32
BRDA:138,12,0,102
BRDA:138,12,1,26
BRDA:139,13,0,92
BRDA:139,13,1,36
BRDA:143,14,0,34
BRDA:143,14,1,94
BRDA:149,15,0,90
BRDA:149,15,1,38
BRDA:151,16,0,9
BRDA:151,16,1,29
BRDA:157,17,0,5
BRDA:157,17,1,123
BRDA:162,18,0,34
BRDA:162,18,1,94
BRDA:167,19,0,20
BRDA:167,19,1,108
BRDA:172,20,0,74
BRDA:172,20,1,54
BRDA:182,21,0,26
BRDA:182,21,1,102
BRDA:184,22,0,3
BRDA:184,22,1,99
BRDA:186,23,0,3
BRDA:186,23,1,96
BRDA:188,24,0,4
BRDA:188,24,1,92
BRDA:195,25,0,26
BRDA:195,25,1,102
BRDA:195,26,0,128
BRDA:195,26,1,96
BRDA:212,27,0,1
BRDA:212,27,1,1
BRDA:212,27,2,1
BRDA:212,27,3,1
BRDA:212,27,4,1
BRDA:212,27,5,0
BRDA:234,28,0,1
BRDA:234,28,1,1
BRDA:234,28,2,1
BRDA:234,28,3,1
BRDA:234,28,4,1
BRDA:234,28,5,0
BRF:66
BRH:64
end_of_record
TN:
SF:src/utils/types.ts
FNF:0
FNH:0
LF:0
LH:0
BRF:0
BRH:0
end_of_record
