TN:
SF:src/components/CharacterTypeOptions.tsx
FN:54,(anonymous_0)
FN:59,(anonymous_1)
FN:66,(anonymous_2)
FN:73,(anonymous_3)
FNF:4
FNH:0
FNDA:0,(anonymous_0)
FNDA:0,(anonymous_1)
FNDA:0,(anonymous_2)
FNDA:0,(anonymous_3)
DA:18,0
DA:41,0
DA:54,0
DA:59,0
DA:60,0
DA:66,0
DA:67,0
DA:69,0
DA:73,0
DA:103,0
DA:118,0
LF:11
LH:0
BRDA:72,0,0,0
BRDA:72,0,1,0
BRDA:81,1,0,0
BRDA:81,1,1,0
BRDA:86,2,0,0
BRDA:86,2,1,0
BRDA:87,3,0,0
BRDA:87,3,1,0
BRDA:93,4,0,0
BRDA:93,4,1,0
BRF:10
BRH:0
end_of_record
TN:
SF:src/components/GenerateButton.tsx
FN:20,(anonymous_0)
FN:27,(anonymous_1)
FNF:2
FNH:0
FNDA:0,(anonymous_0)
FNDA:0,(anonymous_1)
DA:20,0
DA:27,0
DA:28,0
DA:31,0
DA:32,0
DA:34,0
DA:37,0
DA:40,0
DA:42,0
DA:62,0
LF:10
LH:0
BRDA:22,0,0,0
BRDA:23,1,0,0
BRDA:24,2,0,0
BRDA:28,3,0,0
BRDA:28,3,1,0
BRDA:28,4,0,0
BRDA:28,4,1,0
BRDA:31,5,0,0
BRDA:31,5,1,0
BRDA:40,6,0,0
BRDA:40,6,1,0
BRDA:44,7,0,0
BRDA:44,7,1,0
BRDA:49,8,0,0
BRDA:49,8,1,0
BRDA:53,9,0,0
BRDA:53,9,1,0
BRF:17
BRH:0
end_of_record
TN:
SF:src/components/LengthSlider.tsx
FN:14,(anonymous_0)
FNF:1
FNH:0
FNDA:0,(anonymous_0)
DA:14,0
DA:21,0
DA:49,0
LF:3
LH:0
BRDA:17,0,0,0
BRDA:18,1,0,0
BRF:2
BRH:0
end_of_record
TN:
SF:src/components/PasswordDisplay.tsx
FN:20,(anonymous_0)
FN:25,(anonymous_1)
FNF:2
FNH:0
FNDA:0,(anonymous_0)
FNDA:0,(anonymous_1)
DA:20,0
DA:25,0
DA:26,0
DA:27,0
DA:30,0
DA:31,0
DA:35,0
DA:39,0
DA:42,0
DA:44,0
DA:45,0
DA:49,0
DA:68,0
LF:13
LH:0
BRDA:30,0,0,0
BRDA:30,0,1,0
BRDA:58,1,0,0
BRDA:58,1,1,0
BRDA:97,2,0,0
BRDA:97,2,1,0
BRF:6
BRH:0
end_of_record
TN:
SF:src/components/PasswordStrengthBar.tsx
FN:11,(anonymous_0)
FN:28,(anonymous_1)
FN:58,(anonymous_2)
FNF:3
FNH:0
FNDA:0,(anonymous_0)
FNDA:0,(anonymous_1)
FNDA:0,(anonymous_2)
DA:11,0
DA:12,0
DA:14,0
DA:16,0
DA:18,0
DA:20,0
DA:22,0
DA:24,0
DA:28,0
DA:32,0
DA:33,0
DA:35,0
DA:59,0
DA:69,0
LF:14
LH:0
BRDA:12,0,0,0
BRDA:12,0,1,0
BRDA:12,0,2,0
BRDA:12,0,3,0
BRDA:12,0,4,0
BRDA:12,0,5,0
BRDA:56,1,0,0
BRDA:56,1,1,0
BRF:8
BRH:0
end_of_record
TN:
SF:src/screens/GeneratorScreen.tsx
FN:16,GeneratorScreen
FN:22,(anonymous_1)
FN:53,(anonymous_2)
FN:54,(anonymous_3)
FN:57,(anonymous_4)
FN:61,(anonymous_5)
FN:68,(anonymous_6)
FNF:7
FNH:0
FNDA:0,GeneratorScreen
FNDA:0,(anonymous_1)
FNDA:0,(anonymous_2)
FNDA:0,(anonymous_3)
FNDA:0,(anonymous_4)
FNDA:0,(anonymous_5)
FNDA:0,(anonymous_6)
DA:17,0
DA:19,0
DA:20,0
DA:22,0
DA:23,0
DA:24,0
DA:27,0
DA:33,0
DA:38,0
DA:41,0
DA:42,0
DA:44,0
DA:45,0
DA:49,0
DA:53,0
DA:54,0
DA:57,0
DA:58,0
DA:61,0
DA:63,0
DA:67,0
DA:69,0
DA:70,0
DA:75,0
DA:120,0
LF:25
LH:0
BRDA:27,0,0,0
BRDA:27,0,1,0
BRDA:28,1,0,0
BRDA:28,1,1,0
BRDA:28,1,2,0
BRDA:28,1,3,0
BRDA:69,2,0,0
BRDA:69,2,1,0
BRDA:83,3,0,0
BRDA:83,3,1,0
BRDA:88,4,0,0
BRDA:88,4,1,0
BRDA:111,5,0,0
BRDA:111,5,1,0
BRF:14
BRH:0
end_of_record
TN:
SF:src/screens/HistoryScreen.tsx
FN:4,HistoryScreen
FNF:1
FNH:0
FNDA:0,HistoryScreen
DA:5,0
DA:13,0
LF:2
LH:0
BRF:0
BRH:0
end_of_record
TN:
SF:src/screens/SettingsScreen.tsx
FN:4,SettingsScreen
FNF:1
FNH:0
FNDA:0,SettingsScreen
DA:5,0
DA:13,0
LF:2
LH:0
BRF:0
BRH:0
end_of_record
TN:
SF:src/utils/colors.ts
FN:84,(anonymous_0)
FNF:1
FNH:0
FNDA:0,(anonymous_0)
DA:5,0
DA:68,0
DA:84,0
DA:85,0
DA:87,0
DA:89,0
DA:91,0
DA:93,0
DA:95,0
DA:97,0
LF:10
LH:0
BRDA:85,0,0,0
BRDA:85,0,1,0
BRDA:85,0,2,0
BRDA:85,0,3,0
BRDA:85,0,4,0
BRDA:85,0,5,0
BRF:6
BRH:0
end_of_record
TN:
SF:src/utils/passwordGenerator.ts
FN:24,(anonymous_0)
FN:80,(anonymous_1)
FN:144,(anonymous_2)
FN:158,(anonymous_3)
FNF:4
FNH:4
FNDA:3944,(anonymous_0)
FNDA:3946,(anonymous_1)
FNDA:3,(anonymous_2)
FNDA:3965,(anonymous_3)
DA:6,7
DA:7,7
DA:8,7
DA:9,7
DA:12,7
DA:24,7
DA:25,3944
DA:27,3944
DA:28,3933
DA:29,3933
DA:30,133
DA:35,3933
DA:38,3944
DA:39,3938
DA:40,3938
DA:41,133
DA:46,3938
DA:49,3944
DA:50,3933
DA:51,3933
DA:52,133
DA:57,3933
DA:60,3944
DA:61,3728
DA:62,3728
DA:63,131
DA:68,3728
DA:71,3944
DA:80,7
DA:84,3946
DA:85,3946
DA:88,3946
DA:91,3946
DA:95,10
DA:99,10
DA:100,10
DA:104,3946
DA:108,14
DA:112,14
DA:113,14
DA:117,3946
DA:118,463
DA:122,463
DA:123,463
DA:127,3946
DA:128,3727
DA:132,3727
DA:133,3727
DA:136,3946
DA:144,7
DA:145,3
DA:146,40
DA:147,2
DA:150,1
DA:158,7
DA:161,3965
DA:164,3965
DA:165,12
DA:168,3951
DA:174,7
DA:177,3944
DA:179,3944
DA:180,0
DA:183,3944
DA:184,3944
DA:185,3944
DA:187,3944
DA:188,3946
DA:190,0
DA:191,0
DA:192,0
DA:194,0
DA:198,3946
DA:199,3946
DA:200,74056
DA:201,74056
DA:204,3946
DA:207,3946
DA:209,3946
DA:213,3944
DA:214,3944
DA:215,3944
DA:216,3944
DA:218,3944
DA:233,7
LF:85
LH:80
BRDA:27,0,0,3933
BRDA:27,0,1,11
BRDA:29,1,0,133
BRDA:29,1,1,3800
BRDA:38,2,0,3938
BRDA:38,2,1,6
BRDA:40,3,0,133
BRDA:40,3,1,3805
BRDA:49,4,0,3933
BRDA:49,4,1,11
BRDA:51,5,0,133
BRDA:51,5,1,3800
BRDA:60,6,0,3728
BRDA:60,6,1,216
BRDA:62,7,0,131
BRDA:62,7,1,3597
BRDA:91,8,0,10
BRDA:91,8,1,3936
BRDA:92,9,0,3946
BRDA:92,9,1,3935
BRDA:95,10,0,0
BRDA:95,10,1,10
BRDA:104,11,0,14
BRDA:104,11,1,3932
BRDA:105,12,0,3946
BRDA:105,12,1,3940
BRDA:108,13,0,0
BRDA:108,13,1,14
BRDA:117,14,0,463
BRDA:117,14,1,3483
BRDA:117,15,0,3946
BRDA:117,15,1,3935
BRDA:118,16,0,5
BRDA:118,16,1,458
BRDA:127,17,0,3727
BRDA:127,17,1,219
BRDA:127,18,0,3946
BRDA:127,18,1,3728
BRDA:128,19,0,131
BRDA:128,19,1,3596
BRDA:146,20,0,2
BRDA:146,20,1,38
BRDA:164,21,0,12
BRDA:164,21,1,3951
BRDA:164,22,0,3965
BRDA:164,22,1,3957
BRDA:168,23,0,7
BRDA:168,23,1,3944
BRDA:169,24,0,3951
BRDA:169,24,1,18
BRDA:169,24,2,11
BRDA:169,24,3,9
BRDA:179,25,0,0
BRDA:179,25,1,3944
BRDA:188,26,0,0
BRDA:188,26,1,3946
BRDA:190,27,0,0
BRDA:190,27,1,0
BRDA:210,28,0,3946
BRDA:210,28,1,3
BRF:60
BRH:54
end_of_record
TN:
SF:src/utils/performance.ts
FN:18,(anonymous_0)
FN:40,(anonymous_1)
FN:58,(anonymous_2)
FN:78,(anonymous_3)
FN:96,(anonymous_4)
FNF:5
FNH:4
FNDA:143,(anonymous_0)
FNDA:6,(anonymous_1)
FNDA:140,(anonymous_2)
FNDA:0,(anonymous_3)
FNDA:7,(anonymous_4)
DA:18,2
DA:21,143
DA:22,143
DA:23,143
DA:25,143
DA:40,2
DA:51,6
DA:53,6
DA:54,140
DA:55,140
DA:58,140
DA:59,6
DA:60,6
DA:61,6
DA:62,6
DA:64,6
DA:78,2
DA:79,0
DA:80,0
DA:96,2
DA:104,7
DA:117,7
DA:118,7
DA:119,7
DA:120,7
DA:121,7
DA:123,7
LF:27
LH:25
BRDA:42,0,0,1
BRDA:55,1,0,140
BRDA:55,1,1,130
BRDA:79,2,0,0
BRDA:79,2,1,0
BRDA:82,3,0,0
BRDA:82,3,1,0
BRDA:105,4,0,3
BRDA:105,4,1,4
BRDA:108,5,0,3
BRDA:108,5,1,4
BRDA:111,6,0,3
BRDA:111,6,1,4
BRDA:112,7,0,3
BRDA:112,7,1,4
BRDA:118,8,0,5
BRDA:118,8,1,2
BRDA:119,9,0,4
BRDA:119,9,1,3
BRDA:120,10,0,3
BRDA:120,10,1,4
BRDA:121,11,0,2
BRDA:121,11,1,5
BRF:23
BRH:19
end_of_record
TN:
SF:src/utils/secureRandom.ts
FN:8,(anonymous_0)
FN:16,(anonymous_1)
FN:43,(anonymous_2)
FN:72,(anonymous_3)
FNF:4
FNH:4
FNDA:180720,(anonymous_0)
FNDA:180717,(anonymous_1)
FNDA:148552,(anonymous_2)
FNDA:3952,(anonymous_3)
DA:8,8
DA:11,180720
DA:12,180720
DA:13,180720
DA:16,180720
DA:17,180720
DA:19,179656
DA:20,179656
DA:21,179653
DA:23,179656
DA:26,1064
DA:29,0
DA:30,0
DA:31,0
DA:33,0
DA:43,8
DA:47,148552
DA:48,1
DA:51,148551
DA:52,148551
DA:53,148551
DA:56,148551
DA:57,180715
DA:58,180715
DA:59,180715
DA:60,180713
DA:64,148551
DA:72,8
DA:73,3952
DA:75,3952
DA:76,70129
DA:77,70129
DA:80,3952
LF:33
LH:29
BRDA:17,0,0,179656
BRDA:17,0,1,1064
BRDA:17,1,0,180720
BRDA:17,1,1,179656
BRDA:47,2,0,1
BRDA:47,2,1,148551
BRF:6
BRH:6
end_of_record
TN:
SF:src/utils/strengthCalculator.ts
FN:41,(anonymous_0)
FN:57,(anonymous_1)
FN:68,(anonymous_2)
FN:69,(anonymous_3)
FN:77,(anonymous_4)
FN:86,(anonymous_5)
FN:97,(anonymous_6)
FN:112,(anonymous_7)
FN:139,(anonymous_8)
FN:241,(anonymous_9)
FN:263,(anonymous_10)
FNF:11
FNH:11
FNDA:3990,(anonymous_0)
FNDA:3990,(anonymous_1)
FNDA:3990,(anonymous_2)
FNDA:27815,(anonymous_3)
FNDA:3990,(anonymous_4)
FNDA:3990,(anonymous_5)
FNDA:23798,(anonymous_6)
FNDA:3990,(anonymous_7)
FNDA:3998,(anonymous_8)
FNDA:5,(anonymous_9)
FNDA:5,(anonymous_10)
DA:4,8
DA:15,8
DA:41,8
DA:42,3990
DA:44,3990
DA:45,3990
DA:46,3990
DA:47,3990
DA:49,3990
DA:57,8
DA:58,3990
DA:59,3990
DA:60,3990
DA:68,8
DA:69,27815
DA:77,8
DA:78,3990
DA:86,8
DA:87,3990
DA:96,3990
DA:97,3990
DA:98,23798
DA:99,237660
DA:100,48
DA:103,23750
DA:112,8
DA:114,3990
DA:115,66425
DA:116,10
DA:121,3980
DA:122,33090
DA:123,315018
DA:124,315018
DA:125,315018
DA:126,10
DA:131,3970
DA:139,8
DA:143,3998
DA:144,8
DA:152,3990
DA:153,3990
DA:156,3990
DA:157,3900
DA:158,90
DA:159,78
DA:161,12
DA:165,3990
DA:166,3990
DA:167,3990
DA:168,3990
DA:169,3990
DA:171,3990
DA:173,3990
DA:174,45
DA:178,3990
DA:179,3990
DA:180,3912
DA:181,78
DA:182,10
DA:183,10
DA:187,3990
DA:188,7
DA:189,7
DA:192,3990
DA:193,47
DA:194,47
DA:197,3990
DA:198,48
DA:199,48
DA:202,3990
DA:203,20
DA:204,20
DA:208,3990
DA:212,3990
DA:213,28
DA:214,3962
DA:215,8
DA:216,3954
DA:217,6
DA:218,3948
DA:219,5
DA:221,3943
DA:225,3990
DA:226,3906
DA:229,3990
DA:241,8
DA:242,5
DA:244,1
DA:246,1
DA:248,1
DA:250,1
DA:252,1
DA:254,0
DA:263,8
DA:264,5
DA:266,1
DA:268,1
DA:270,1
DA:272,1
DA:274,1
DA:276,0
LF:101
LH:99
BRDA:44,0,0,3973
BRDA:44,0,1,17
BRDA:45,1,0,3945
BRDA:45,1,1,45
BRDA:46,2,0,3890
BRDA:46,2,1,100
BRDA:47,3,0,3739
BRDA:47,3,1,251
BRDA:99,4,0,48
BRDA:99,4,1,237612
BRDA:115,5,0,10
BRDA:115,5,1,66415
BRDA:115,6,0,66425
BRDA:115,6,1,795
BRDA:125,7,0,10
BRDA:125,7,1,315008
BRDA:143,8,0,8
BRDA:143,8,1,3990
BRDA:143,9,0,3998
BRDA:143,9,1,3993
BRDA:156,10,0,3900
BRDA:156,10,1,90
BRDA:158,11,0,78
BRDA:158,11,1,12
BRDA:166,12,0,3973
BRDA:166,12,1,17
BRDA:167,13,0,3945
BRDA:167,13,1,45
BRDA:168,14,0,3890
BRDA:168,14,1,100
BRDA:169,15,0,3739
BRDA:169,15,1,251
BRDA:173,16,0,45
BRDA:173,16,1,3945
BRDA:179,17,0,3912
BRDA:179,17,1,78
BRDA:181,18,0,10
BRDA:181,18,1,68
BRDA:187,19,0,7
BRDA:187,19,1,3983
BRDA:192,20,0,47
BRDA:192,20,1,3943
BRDA:197,21,0,48
BRDA:197,21,1,3942
BRDA:202,22,0,20
BRDA:202,22,1,3970
BRDA:212,23,0,28
BRDA:212,23,1,3962
BRDA:214,24,0,8
BRDA:214,24,1,3954
BRDA:216,25,0,6
BRDA:216,25,1,3948
BRDA:218,26,0,5
BRDA:218,26,1,3943
BRDA:225,27,0,3906
BRDA:225,27,1,84
BRDA:225,28,0,3990
BRDA:225,28,1,3948
BRDA:242,29,0,1
BRDA:242,29,1,1
BRDA:242,29,2,1
BRDA:242,29,3,1
BRDA:242,29,4,1
BRDA:242,29,5,0
BRDA:264,30,0,1
BRDA:264,30,1,1
BRDA:264,30,2,1
BRDA:264,30,3,1
BRDA:264,30,4,1
BRDA:264,30,5,0
BRF:70
BRH:68
end_of_record
TN:
SF:src/utils/types.ts
FNF:0
FNH:0
LF:0
LH:0
BRF:0
BRH:0
end_of_record
